<?xml version="1.0" encoding="utf-8"?><testsuites name="pytest tests"><testsuite name="pytest" errors="0" failures="0" skipped="0" tests="12" time="1.503" timestamp="2026-02-05T18:16:40.907153+00:00" hostname="agent-env-8fbf1586-fe45-424e-939b-09710d9d2a62"><testcase classname="backend.tests.test_appointments_orders.TestAdminAppointments" name="test_admin_login" time="0.326" /><testcase classname="backend.tests.test_appointments_orders.TestAdminAppointments" name="test_appointments_stats_endpoint" time="0.315" /><testcase classname="backend.tests.test_appointments_orders.TestAdminAppointments" name="test_appointments_stats_requires_auth" time="0.043" /><testcase classname="backend.tests.test_appointments_orders.TestAdminAppointments" name="test_appointments_list_endpoint" time="0.041" /><testcase classname="backend.tests.test_appointments_orders.TestAdminAppointments" name="test_appointments_list_filter_by_status" time="0.051" /><testcase classname="backend.tests.test_appointments_orders.TestAppointmentStatusUpdate" name="test_update_appointment_status" time="0.196" /><testcase classname="backend.tests.test_appointments_orders.TestAppointmentStatusUpdate" name="test_update_nonexistent_appointment" time="0.044" /><testcase classname="backend.tests.test_appointments_orders.TestOrderStatusUpdate" name="test_orders_list_endpoint" time="0.050" /><testcase classname="backend.tests.test_appointments_orders.TestOrderStatusUpdate" name="test_update_order_status_with_order_status_field" time="0.198" /><testcase classname="backend.tests.test_appointments_orders.TestOrderStatusUpdate" name="test_update_order_status_requires_auth" time="0.047" /><testcase classname="backend.tests.test_appointments_orders.TestOrderStatusUpdate" name="test_update_order_status_empty_body" time="0.080" /><testcase classname="backend.tests.test_appointments_orders.TestAdminStats" name="test_admin_stats_endpoint" time="0.041" /></testsuite></testsuites>