<?xml version="1.0" encoding="utf-8"?><testsuites name="pytest tests"><testsuite name="pytest" errors="0" failures="1" skipped="0" tests="18" time="4.504" timestamp="2026-02-05T15:34:59.955480+00:00" hostname="agent-env-8fbf1586-fe45-424e-939b-09710d9d2a62"><testcase classname="backend.tests.test_auth_profile_features.TestHealthCheck" name="test_health_endpoint" time="0.161" /><testcase classname="backend.tests.test_auth_profile_features.TestPasswordResetFlow" name="test_forgot_password_existing_email" time="0.421" /><testcase classname="backend.tests.test_auth_profile_features.TestPasswordResetFlow" name="test_forgot_password_nonexistent_email" time="0.042" /><testcase classname="backend.tests.test_auth_profile_features.TestPasswordResetFlow" name="test_reset_password_invalid_token" time="0.082" /><testcase classname="backend.tests.test_auth_profile_features.TestLoginReturnsPhone" name="test_login_returns_phone_field" time="0.263" /><testcase classname="backend.tests.test_auth_profile_features.TestRegisterReturnsPhone" name="test_register_returns_phone_field" time="0.272" /><testcase classname="backend.tests.test_auth_profile_features.TestRegisterReturnsPhone" name="test_register_without_phone" time="0.272" /><testcase classname="backend.tests.test_auth_profile_features.TestProfileAPI" name="test_get_me_returns_phone" time="0.311" /><testcase classname="backend.tests.test_auth_profile_features.TestProfileAPI" name="test_update_profile_name" time="0.359" /><testcase classname="backend.tests.test_auth_profile_features.TestProfileAPI" name="test_update_profile_phone" time="0.301" /><testcase classname="backend.tests.test_auth_profile_features.TestProfileAPI" name="test_update_profile_both_fields" time="0.362" /><testcase classname="backend.tests.test_auth_profile_features.TestProfileAPI" name="test_update_profile_empty_data" time="0.300" /><testcase classname="backend.tests.test_auth_profile_features.TestProfileAPI" name="test_update_profile_unauthorized" time="0.038" /><testcase classname="backend.tests.test_auth_profile_features.TestMailerLiteGroups" name="test_get_mailerlite_groups" time="0.697" /><testcase classname="backend.tests.test_auth_profile_features.TestMailerLiteGroups" name="test_mailerlite_groups_unauthorized" time="0.036" /><testcase classname="backend.tests.test_auth_profile_features.TestMailerLiteGroups" name="test_mailerlite_groups_non_admin" time="0.302" /><testcase classname="backend.tests.test_auth_profile_features.TestCartFlow" name="test_add_to_cart" time="0.142" /><testcase classname="backend.tests.test_auth_profile_features.TestCheckoutPage" name="test_shipping_cost_calculation" time="0.039"><failure message="assert 404 == 200&#10; +  where 404 = &lt;Response [404]&gt;.status_code">backend/tests/test_auth_profile_features.py:364: in test_shipping_cost_calculation
    assert response.status_code == 200
E   assert 404 == 200
E    +  where 404 = &lt;Response [404]&gt;.status_code</failure></testcase></testsuite></testsuites>