<?xml version="1.0" encoding="utf-8"?><testsuites name="pytest tests"><testsuite name="pytest" errors="0" failures="3" skipped="0" tests="15" time="0.789" timestamp="2026-02-04T03:54:42.112730+00:00" hostname="agent-env-08bb39e6-fad2-44f3-8f6a-3f0660c1308c"><testcase classname="backend.tests.test_blog_api.TestBlogAPI" name="test_get_all_blog_posts" time="0.092" /><testcase classname="backend.tests.test_blog_api.TestBlogAPI" name="test_get_blog_post_by_slug" time="0.039" /><testcase classname="backend.tests.test_blog_api.TestBlogAPI" name="test_get_blog_post_not_found" time="0.044" /><testcase classname="backend.tests.test_blog_api.TestBlogAPI" name="test_blog_posts_have_required_fields" time="0.045" /><testcase classname="backend.tests.test_blog_api.TestBlogAPI" name="test_blog_post_content_has_html" time="0.043" /><testcase classname="backend.tests.test_blog_api.TestBlogAPI" name="test_category_filter_parameter_accepted" time="0.042" /><testcase classname="backend.tests.test_blog_api.TestBlogAPI" name="test_limit_parameter" time="0.036" /><testcase classname="backend.tests.test_blog_api.TestBlogAPI" name="test_multiple_sample_posts_available" time="0.039" /><testcase classname="backend.tests.test_blog_api.TestBlogAPI" name="test_blog_post_has_read_time" time="0.042" /><testcase classname="backend.tests.test_blog_api.TestBlogPostSlugs" name="test_sample_post_accessible[guide-achat-smartphone-2025]" time="0.037" /><testcase classname="backend.tests.test_blog_api.TestBlogPostSlugs" name="test_sample_post_accessible[tendances-decoration-2025]" time="0.038" /><testcase classname="backend.tests.test_blog_api.TestBlogPostSlugs" name="test_sample_post_accessible[conseils-entretien-electromenager]" time="0.042" /><testcase classname="backend.tests.test_blog_api.TestBlogPostSlugs" name="test_sample_post_accessible[nouveautes-apple-2025]" time="0.042"><failure message="AssertionError: Post nouveautes-apple-2025 should be accessible&#10;assert 404 == 200&#10; +  where 404 = &lt;Response [404]&gt;.status_code">backend/tests/test_blog_api.py:138: in test_sample_post_accessible
    assert response.status_code == 200, f"Post {slug} should be accessible"
E   AssertionError: Post nouveautes-apple-2025 should be accessible
E   assert 404 == 200
E    +  where 404 = &lt;Response [404]&gt;.status_code</failure></testcase><testcase classname="backend.tests.test_blog_api.TestBlogPostSlugs" name="test_sample_post_accessible[routine-beaute-naturelle]" time="0.038"><failure message="AssertionError: Post routine-beaute-naturelle should be accessible&#10;assert 404 == 200&#10; +  where 404 = &lt;Response [404]&gt;.status_code">backend/tests/test_blog_api.py:138: in test_sample_post_accessible
    assert response.status_code == 200, f"Post {slug} should be accessible"
E   AssertionError: Post routine-beaute-naturelle should be accessible
E   assert 404 == 200
E    +  where 404 = &lt;Response [404]&gt;.status_code</failure></testcase><testcase classname="backend.tests.test_blog_api.TestBlogPostSlugs" name="test_sample_post_accessible[guide-televiseur-4k]" time="0.080"><failure message="AssertionError: Post guide-televiseur-4k should be accessible&#10;assert 404 == 200&#10; +  where 404 = &lt;Response [404]&gt;.status_code">backend/tests/test_blog_api.py:138: in test_sample_post_accessible
    assert response.status_code == 200, f"Post {slug} should be accessible"
E   AssertionError: Post guide-televiseur-4k should be accessible
E   assert 404 == 200
E    +  where 404 = &lt;Response [404]&gt;.status_code</failure></testcase></testsuite></testsuites>