<?xml version="1.0" encoding="utf-8"?><testsuites name="pytest tests"><testsuite name="pytest" errors="0" failures="0" skipped="0" tests="16" time="4.253" timestamp="2026-02-19T11:22:55.990577+00:00" hostname="agent-env-63f54fe6-2328-4474-9e38-063ffabf4cd2"><testcase classname="backend.tests.test_bugfixes.TestImageUrlHandling" name="test_products_have_valid_images" time="0.216" /><testcase classname="backend.tests.test_bugfixes.TestImageUrlHandling" name="test_single_product_detail_has_images" time="0.214" /><testcase classname="backend.tests.test_bugfixes.TestImageUrlHandling" name="test_uploaded_images_accessible" time="0.125" /><testcase classname="backend.tests.test_bugfixes.TestGiftBoxConfig" name="test_giftbox_config_endpoint_returns_data" time="0.094" /><testcase classname="backend.tests.test_bugfixes.TestGiftBoxConfig" name="test_giftbox_has_sizes" time="0.095" /><testcase classname="backend.tests.test_bugfixes.TestGiftBoxConfig" name="test_giftbox_has_wrappings" time="0.108" /><testcase classname="backend.tests.test_bugfixes.TestGiftBoxConfig" name="test_giftbox_config_is_enabled" time="0.113" /><testcase classname="backend.tests.test_bugfixes.TestProductCRUD" name="test_admin_login_works" time="0.655" /><testcase classname="backend.tests.test_bugfixes.TestProductCRUD" name="test_create_product_returns_correct_data" time="0.549" /><testcase classname="backend.tests.test_bugfixes.TestProductCRUD" name="test_products_list_after_creation" time="0.754" /><testcase classname="backend.tests.test_bugfixes.TestCategoryPages" name="test_electronique_category_products" time="0.108" /><testcase classname="backend.tests.test_bugfixes.TestCategoryPages" name="test_electromenager_category_products" time="0.095" /><testcase classname="backend.tests.test_bugfixes.TestCategoryPages" name="test_beaute_category_products" time="0.102" /><testcase classname="backend.tests.test_bugfixes.TestFlashSales" name="test_flash_sales_endpoint" time="0.103" /><testcase classname="backend.tests.test_bugfixes.TestImageUpload" name="test_upload_requires_auth" time="0.422" /><testcase classname="backend.tests.test_bugfixes.TestImageUpload" name="test_upload_with_auth_validates_file" time="0.423" /></testsuite></testsuites>