<?xml version="1.0" encoding="utf-8"?><testsuites name="pytest tests"><testsuite name="pytest" errors="0" failures="0" skipped="0" tests="20" time="2.031" timestamp="2026-02-06T22:54:10.263243+00:00" hostname="agent-env-bf8b2616-6533-4b6b-bac4-1c91ade38791"><testcase classname="backend.tests.test_commercial_services.TestServicesMarketplace" name="test_get_categories" time="0.076" /><testcase classname="backend.tests.test_commercial_services.TestServicesMarketplace" name="test_get_providers" time="0.043" /><testcase classname="backend.tests.test_commercial_services.TestServicesMarketplace" name="test_get_providers_with_filter" time="0.039" /><testcase classname="backend.tests.test_commercial_services.TestServicesMarketplace" name="test_get_locations" time="0.036" /><testcase classname="backend.tests.test_commercial_services.TestServicesMarketplace" name="test_create_service_request" time="0.043" /><testcase classname="backend.tests.test_commercial_services.TestCommercialPartners" name="test_get_partners" time="0.301" /><testcase classname="backend.tests.test_commercial_services.TestCommercialPartners" name="test_get_partners_requires_auth" time="0.033" /><testcase classname="backend.tests.test_commercial_services.TestCommercialPartners" name="test_create_partner" time="0.038" /><testcase classname="backend.tests.test_commercial_services.TestCommercialPartners" name="test_get_partner_by_id" time="0.073" /><testcase classname="backend.tests.test_commercial_services.TestCommercialQuotes" name="test_get_quotes" time="0.042" /><testcase classname="backend.tests.test_commercial_services.TestCommercialQuotes" name="test_create_quote" time="0.076" /><testcase classname="backend.tests.test_commercial_services.TestCommercialQuotes" name="test_get_quote_pdf" time="0.288" /><testcase classname="backend.tests.test_commercial_services.TestCommercialInvoices" name="test_get_invoices" time="0.038" /><testcase classname="backend.tests.test_commercial_services.TestCommercialInvoices" name="test_get_invoice_pdf" time="0.270" /><testcase classname="backend.tests.test_commercial_services.TestCommercialContracts" name="test_get_contracts" time="0.041" /><testcase classname="backend.tests.test_commercial_services.TestCommercialContracts" name="test_get_contract_templates" time="0.035" /><testcase classname="backend.tests.test_commercial_services.TestCommercialContracts" name="test_get_contract_pdf" time="0.272" /><testcase classname="backend.tests.test_commercial_services.TestCommercialDashboard" name="test_get_dashboard" time="0.040" /><testcase classname="backend.tests.test_commercial_services.TestProductSEOFields" name="test_create_product_with_seo" time="0.111" /><testcase classname="backend.tests.test_commercial_services.TestAdminMenu" name="test_admin_stats" time="0.040" /></testsuite></testsuites>