<?xml version="1.0" encoding="utf-8"?><testsuites name="pytest tests"><testsuite name="pytest" errors="0" failures="0" skipped="0" tests="19" time="5.959" timestamp="2026-02-19T00:23:50.152996+00:00" hostname="agent-env-f744ede4-a8e5-4e34-85ab-326e05239d1c"><testcase classname="backend.tests.test_comprehensive.TestHealthAndBasics" name="test_health_endpoint" time="0.223" /><testcase classname="backend.tests.test_comprehensive.TestAuthentication" name="test_admin_login_success" time="0.387" /><testcase classname="backend.tests.test_comprehensive.TestAuthentication" name="test_login_invalid_credentials" time="0.122" /><testcase classname="backend.tests.test_comprehensive.TestAuthentication" name="test_auth_me_with_valid_token" time="0.480" /><testcase classname="backend.tests.test_comprehensive.TestAuthentication" name="test_auth_me_without_token" time="0.137" /><testcase classname="backend.tests.test_comprehensive.TestProducts" name="test_get_products" time="0.117" /><testcase classname="backend.tests.test_comprehensive.TestProducts" name="test_get_products_by_category" time="0.124" /><testcase classname="backend.tests.test_comprehensive.TestProducts" name="test_get_single_product" time="0.248" /><testcase classname="backend.tests.test_comprehensive.TestFlashSales" name="test_get_flash_sales" time="0.152" /><testcase classname="backend.tests.test_comprehensive.TestBlog" name="test_get_blog_posts" time="0.147" /><testcase classname="backend.tests.test_comprehensive.TestServiceProviders" name="test_get_service_providers" time="0.177" /><testcase classname="backend.tests.test_comprehensive.TestImageUpload" name="test_upload_endpoint_exists" time="0.115" /><testcase classname="backend.tests.test_comprehensive.TestImageUpload" name="test_upload_with_auth" time="0.506" /><testcase classname="backend.tests.test_comprehensive.TestPayTech" name="test_paytech_verify_endpoint" time="0.127" /><testcase classname="backend.tests.test_comprehensive.TestOrders" name="test_orders_endpoint_requires_auth" time="0.125" /><testcase classname="backend.tests.test_comprehensive.TestCategories" name="test_electronique_category" time="0.116" /><testcase classname="backend.tests.test_comprehensive.TestCategories" name="test_electromenager_category" time="0.134" /><testcase classname="backend.tests.test_comprehensive.TestCategories" name="test_beaute_category" time="0.159" /><testcase classname="backend.tests.test_comprehensive.TestSessionPersistence" name="test_token_reuse" time="2.292" /></testsuite></testsuites>