<?xml version="1.0" encoding="utf-8"?><testsuites name="pytest tests"><testsuite name="pytest" errors="6" failures="58" skipped="0" tests="107" time="5.794" timestamp="2026-02-05T18:59:39.469309+00:00" hostname="agent-env-8fbf1586-fe45-424e-939b-09710d9d2a62"><testcase classname="backend.tests.test_appointments_orders.TestAdminAppointments" name="test_admin_login" time="0.297" /><testcase classname="backend.tests.test_appointments_orders.TestAdminAppointments" name="test_appointments_stats_endpoint" time="0.313" /><testcase classname="backend.tests.test_appointments_orders.TestAdminAppointments" name="test_appointments_stats_requires_auth" time="0.042" /><testcase classname="backend.tests.test_appointments_orders.TestAdminAppointments" name="test_appointments_list_endpoint" time="0.046" /><testcase classname="backend.tests.test_appointments_orders.TestAdminAppointments" name="test_appointments_list_filter_by_status" time="0.048" /><testcase classname="backend.tests.test_appointments_orders.TestAppointmentStatusUpdate" name="test_update_appointment_status" time="0.130" /><testcase classname="backend.tests.test_appointments_orders.TestAppointmentStatusUpdate" name="test_update_nonexistent_appointment" time="0.081" /><testcase classname="backend.tests.test_appointments_orders.TestOrderStatusUpdate" name="test_orders_list_endpoint" time="0.046" /><testcase classname="backend.tests.test_appointments_orders.TestOrderStatusUpdate" name="test_update_order_status_with_order_status_field" time="0.222" /><testcase classname="backend.tests.test_appointments_orders.TestOrderStatusUpdate" name="test_update_order_status_requires_auth" time="0.042" /><testcase classname="backend.tests.test_appointments_orders.TestOrderStatusUpdate" name="test_update_order_status_empty_body" time="0.084" /><testcase classname="backend.tests.test_appointments_orders.TestAdminStats" name="test_admin_stats_endpoint" time="0.043" /><testcase classname="backend.tests.test_auth_profile_features.TestHealthCheck" name="test_health_endpoint" time="0.000"><failure message="requests.exceptions.MissingSchema: Invalid URL '/api/health': No scheme supplied. Perhaps you meant https:///api/health?">backend/tests/test_auth_profile_features.py:16: in test_health_endpoint
    response = requests.get(f"{BASE_URL}/api/health")
               ^^^^^^^^^^^^^^^^^^^^^^^^^^^^^^^^^^^^^^
/root/.venv/lib/python3.11/site-packages/requests/api.py:73: in get
    return request("get", url, params=params, **kwargs)
           ^^^^^^^^^^^^^^^^^^^^^^^^^^^^^^^^^^^^^^^^^^^^
/root/.venv/lib/python3.11/site-packages/requests/api.py:59: in request
    return session.request(method=method, url=url, **kwargs)
           ^^^^^^^^^^^^^^^^^^^^^^^^^^^^^^^^^^^^^^^^^^^^^^^^^
/root/.venv/lib/python3.11/site-packages/requests/sessions.py:575: in request
    prep = self.prepare_request(req)
           ^^^^^^^^^^^^^^^^^^^^^^^^^
/root/.venv/lib/python3.11/site-packages/requests/sessions.py:484: in prepare_request
    p.prepare(
/root/.venv/lib/python3.11/site-packages/requests/models.py:367: in prepare
    self.prepare_url(url, params)
/root/.venv/lib/python3.11/site-packages/requests/models.py:438: in prepare_url
    raise MissingSchema(
E   requests.exceptions.MissingSchema: Invalid URL '/api/health': No scheme supplied. Perhaps you meant https:///api/health?</failure></testcase><testcase classname="backend.tests.test_auth_profile_features.TestPasswordResetFlow" name="test_forgot_password_existing_email" time="0.000"><failure message="requests.exceptions.MissingSchema: Invalid URL '/api/auth/forgot-password': No scheme supplied. Perhaps you meant https:///api/auth/forgot-password?">backend/tests/test_auth_profile_features.py:28: in test_forgot_password_existing_email
    response = requests.post(f"{BASE_URL}/api/auth/forgot-password", json={
/root/.venv/lib/python3.11/site-packages/requests/api.py:115: in post
    return request("post", url, data=data, json=json, **kwargs)
           ^^^^^^^^^^^^^^^^^^^^^^^^^^^^^^^^^^^^^^^^^^^^^^^^^^^^
/root/.venv/lib/python3.11/site-packages/requests/api.py:59: in request
    return session.request(method=method, url=url, **kwargs)
           ^^^^^^^^^^^^^^^^^^^^^^^^^^^^^^^^^^^^^^^^^^^^^^^^^
/root/.venv/lib/python3.11/site-packages/requests/sessions.py:575: in request
    prep = self.prepare_request(req)
           ^^^^^^^^^^^^^^^^^^^^^^^^^
/root/.venv/lib/python3.11/site-packages/requests/sessions.py:484: in prepare_request
    p.prepare(
/root/.venv/lib/python3.11/site-packages/requests/models.py:367: in prepare
    self.prepare_url(url, params)
/root/.venv/lib/python3.11/site-packages/requests/models.py:438: in prepare_url
    raise MissingSchema(
E   requests.exceptions.MissingSchema: Invalid URL '/api/auth/forgot-password': No scheme supplied. Perhaps you meant https:///api/auth/forgot-password?</failure></testcase><testcase classname="backend.tests.test_auth_profile_features.TestPasswordResetFlow" name="test_forgot_password_nonexistent_email" time="0.000"><failure message="requests.exceptions.MissingSchema: Invalid URL '/api/auth/forgot-password': No scheme supplied. Perhaps you meant https:///api/auth/forgot-password?">backend/tests/test_auth_profile_features.py:39: in test_forgot_password_nonexistent_email
    response = requests.post(f"{BASE_URL}/api/auth/forgot-password", json={
/root/.venv/lib/python3.11/site-packages/requests/api.py:115: in post
    return request("post", url, data=data, json=json, **kwargs)
           ^^^^^^^^^^^^^^^^^^^^^^^^^^^^^^^^^^^^^^^^^^^^^^^^^^^^
/root/.venv/lib/python3.11/site-packages/requests/api.py:59: in request
    return session.request(method=method, url=url, **kwargs)
           ^^^^^^^^^^^^^^^^^^^^^^^^^^^^^^^^^^^^^^^^^^^^^^^^^
/root/.venv/lib/python3.11/site-packages/requests/sessions.py:575: in request
    prep = self.prepare_request(req)
           ^^^^^^^^^^^^^^^^^^^^^^^^^
/root/.venv/lib/python3.11/site-packages/requests/sessions.py:484: in prepare_request
    p.prepare(
/root/.venv/lib/python3.11/site-packages/requests/models.py:367: in prepare
    self.prepare_url(url, params)
/root/.venv/lib/python3.11/site-packages/requests/models.py:438: in prepare_url
    raise MissingSchema(
E   requests.exceptions.MissingSchema: Invalid URL '/api/auth/forgot-password': No scheme supplied. Perhaps you meant https:///api/auth/forgot-password?</failure></testcase><testcase classname="backend.tests.test_auth_profile_features.TestPasswordResetFlow" name="test_reset_password_invalid_token" time="0.000"><failure message="requests.exceptions.MissingSchema: Invalid URL '/api/auth/reset-password': No scheme supplied. Perhaps you meant https:///api/auth/reset-password?">backend/tests/test_auth_profile_features.py:50: in test_reset_password_invalid_token
    response = requests.post(f"{BASE_URL}/api/auth/reset-password", json={
/root/.venv/lib/python3.11/site-packages/requests/api.py:115: in post
    return request("post", url, data=data, json=json, **kwargs)
           ^^^^^^^^^^^^^^^^^^^^^^^^^^^^^^^^^^^^^^^^^^^^^^^^^^^^
/root/.venv/lib/python3.11/site-packages/requests/api.py:59: in request
    return session.request(method=method, url=url, **kwargs)
           ^^^^^^^^^^^^^^^^^^^^^^^^^^^^^^^^^^^^^^^^^^^^^^^^^
/root/.venv/lib/python3.11/site-packages/requests/sessions.py:575: in request
    prep = self.prepare_request(req)
           ^^^^^^^^^^^^^^^^^^^^^^^^^
/root/.venv/lib/python3.11/site-packages/requests/sessions.py:484: in prepare_request
    p.prepare(
/root/.venv/lib/python3.11/site-packages/requests/models.py:367: in prepare
    self.prepare_url(url, params)
/root/.venv/lib/python3.11/site-packages/requests/models.py:438: in prepare_url
    raise MissingSchema(
E   requests.exceptions.MissingSchema: Invalid URL '/api/auth/reset-password': No scheme supplied. Perhaps you meant https:///api/auth/reset-password?</failure></testcase><testcase classname="backend.tests.test_auth_profile_features.TestLoginReturnsPhone" name="test_login_returns_phone_field" time="0.000"><failure message="requests.exceptions.MissingSchema: Invalid URL '/api/auth/login': No scheme supplied. Perhaps you meant https:///api/auth/login?">backend/tests/test_auth_profile_features.py:65: in test_login_returns_phone_field
    response = requests.post(f"{BASE_URL}/api/auth/login", json={
/root/.venv/lib/python3.11/site-packages/requests/api.py:115: in post
    return request("post", url, data=data, json=json, **kwargs)
           ^^^^^^^^^^^^^^^^^^^^^^^^^^^^^^^^^^^^^^^^^^^^^^^^^^^^
/root/.venv/lib/python3.11/site-packages/requests/api.py:59: in request
    return session.request(method=method, url=url, **kwargs)
           ^^^^^^^^^^^^^^^^^^^^^^^^^^^^^^^^^^^^^^^^^^^^^^^^^
/root/.venv/lib/python3.11/site-packages/requests/sessions.py:575: in request
    prep = self.prepare_request(req)
           ^^^^^^^^^^^^^^^^^^^^^^^^^
/root/.venv/lib/python3.11/site-packages/requests/sessions.py:484: in prepare_request
    p.prepare(
/root/.venv/lib/python3.11/site-packages/requests/models.py:367: in prepare
    self.prepare_url(url, params)
/root/.venv/lib/python3.11/site-packages/requests/models.py:438: in prepare_url
    raise MissingSchema(
E   requests.exceptions.MissingSchema: Invalid URL '/api/auth/login': No scheme supplied. Perhaps you meant https:///api/auth/login?</failure></testcase><testcase classname="backend.tests.test_auth_profile_features.TestRegisterReturnsPhone" name="test_register_returns_phone_field" time="0.000"><failure message="requests.exceptions.MissingSchema: Invalid URL '/api/auth/register': No scheme supplied. Perhaps you meant https:///api/auth/register?">backend/tests/test_auth_profile_features.py:93: in test_register_returns_phone_field
    response = requests.post(f"{BASE_URL}/api/auth/register", json={
/root/.venv/lib/python3.11/site-packages/requests/api.py:115: in post
    return request("post", url, data=data, json=json, **kwargs)
           ^^^^^^^^^^^^^^^^^^^^^^^^^^^^^^^^^^^^^^^^^^^^^^^^^^^^
/root/.venv/lib/python3.11/site-packages/requests/api.py:59: in request
    return session.request(method=method, url=url, **kwargs)
           ^^^^^^^^^^^^^^^^^^^^^^^^^^^^^^^^^^^^^^^^^^^^^^^^^
/root/.venv/lib/python3.11/site-packages/requests/sessions.py:575: in request
    prep = self.prepare_request(req)
           ^^^^^^^^^^^^^^^^^^^^^^^^^
/root/.venv/lib/python3.11/site-packages/requests/sessions.py:484: in prepare_request
    p.prepare(
/root/.venv/lib/python3.11/site-packages/requests/models.py:367: in prepare
    self.prepare_url(url, params)
/root/.venv/lib/python3.11/site-packages/requests/models.py:438: in prepare_url
    raise MissingSchema(
E   requests.exceptions.MissingSchema: Invalid URL '/api/auth/register': No scheme supplied. Perhaps you meant https:///api/auth/register?</failure></testcase><testcase classname="backend.tests.test_auth_profile_features.TestRegisterReturnsPhone" name="test_register_without_phone" time="0.000"><failure message="requests.exceptions.MissingSchema: Invalid URL '/api/auth/register': No scheme supplied. Perhaps you meant https:///api/auth/register?">backend/tests/test_auth_profile_features.py:119: in test_register_without_phone
    response = requests.post(f"{BASE_URL}/api/auth/register", json={
/root/.venv/lib/python3.11/site-packages/requests/api.py:115: in post
    return request("post", url, data=data, json=json, **kwargs)
           ^^^^^^^^^^^^^^^^^^^^^^^^^^^^^^^^^^^^^^^^^^^^^^^^^^^^
/root/.venv/lib/python3.11/site-packages/requests/api.py:59: in request
    return session.request(method=method, url=url, **kwargs)
           ^^^^^^^^^^^^^^^^^^^^^^^^^^^^^^^^^^^^^^^^^^^^^^^^^
/root/.venv/lib/python3.11/site-packages/requests/sessions.py:575: in request
    prep = self.prepare_request(req)
           ^^^^^^^^^^^^^^^^^^^^^^^^^
/root/.venv/lib/python3.11/site-packages/requests/sessions.py:484: in prepare_request
    p.prepare(
/root/.venv/lib/python3.11/site-packages/requests/models.py:367: in prepare
    self.prepare_url(url, params)
/root/.venv/lib/python3.11/site-packages/requests/models.py:438: in prepare_url
    raise MissingSchema(
E   requests.exceptions.MissingSchema: Invalid URL '/api/auth/register': No scheme supplied. Perhaps you meant https:///api/auth/register?</failure></testcase><testcase classname="backend.tests.test_auth_profile_features.TestProfileAPI" name="test_get_me_returns_phone" time="0.000"><error message="failed on setup with &quot;requests.exceptions.MissingSchema: Invalid URL '/api/auth/login': No scheme supplied. Perhaps you meant https:///api/auth/login?&quot;">backend/tests/test_auth_profile_features.py:138: in auth_token
    response = requests.post(f"{BASE_URL}/api/auth/login", json={
/root/.venv/lib/python3.11/site-packages/requests/api.py:115: in post
    return request("post", url, data=data, json=json, **kwargs)
           ^^^^^^^^^^^^^^^^^^^^^^^^^^^^^^^^^^^^^^^^^^^^^^^^^^^^
/root/.venv/lib/python3.11/site-packages/requests/api.py:59: in request
    return session.request(method=method, url=url, **kwargs)
           ^^^^^^^^^^^^^^^^^^^^^^^^^^^^^^^^^^^^^^^^^^^^^^^^^
/root/.venv/lib/python3.11/site-packages/requests/sessions.py:575: in request
    prep = self.prepare_request(req)
           ^^^^^^^^^^^^^^^^^^^^^^^^^
/root/.venv/lib/python3.11/site-packages/requests/sessions.py:484: in prepare_request
    p.prepare(
/root/.venv/lib/python3.11/site-packages/requests/models.py:367: in prepare
    self.prepare_url(url, params)
/root/.venv/lib/python3.11/site-packages/requests/models.py:438: in prepare_url
    raise MissingSchema(
E   requests.exceptions.MissingSchema: Invalid URL '/api/auth/login': No scheme supplied. Perhaps you meant https:///api/auth/login?</error></testcase><testcase classname="backend.tests.test_auth_profile_features.TestProfileAPI" name="test_update_profile_name" time="0.000"><error message="failed on setup with &quot;requests.exceptions.MissingSchema: Invalid URL '/api/auth/login': No scheme supplied. Perhaps you meant https:///api/auth/login?&quot;">backend/tests/test_auth_profile_features.py:138: in auth_token
    response = requests.post(f"{BASE_URL}/api/auth/login", json={
/root/.venv/lib/python3.11/site-packages/requests/api.py:115: in post
    return request("post", url, data=data, json=json, **kwargs)
           ^^^^^^^^^^^^^^^^^^^^^^^^^^^^^^^^^^^^^^^^^^^^^^^^^^^^
/root/.venv/lib/python3.11/site-packages/requests/api.py:59: in request
    return session.request(method=method, url=url, **kwargs)
           ^^^^^^^^^^^^^^^^^^^^^^^^^^^^^^^^^^^^^^^^^^^^^^^^^
/root/.venv/lib/python3.11/site-packages/requests/sessions.py:575: in request
    prep = self.prepare_request(req)
           ^^^^^^^^^^^^^^^^^^^^^^^^^
/root/.venv/lib/python3.11/site-packages/requests/sessions.py:484: in prepare_request
    p.prepare(
/root/.venv/lib/python3.11/site-packages/requests/models.py:367: in prepare
    self.prepare_url(url, params)
/root/.venv/lib/python3.11/site-packages/requests/models.py:438: in prepare_url
    raise MissingSchema(
E   requests.exceptions.MissingSchema: Invalid URL '/api/auth/login': No scheme supplied. Perhaps you meant https:///api/auth/login?</error></testcase><testcase classname="backend.tests.test_auth_profile_features.TestProfileAPI" name="test_update_profile_phone" time="0.000"><error message="failed on setup with &quot;requests.exceptions.MissingSchema: Invalid URL '/api/auth/login': No scheme supplied. Perhaps you meant https:///api/auth/login?&quot;">backend/tests/test_auth_profile_features.py:138: in auth_token
    response = requests.post(f"{BASE_URL}/api/auth/login", json={
/root/.venv/lib/python3.11/site-packages/requests/api.py:115: in post
    return request("post", url, data=data, json=json, **kwargs)
           ^^^^^^^^^^^^^^^^^^^^^^^^^^^^^^^^^^^^^^^^^^^^^^^^^^^^
/root/.venv/lib/python3.11/site-packages/requests/api.py:59: in request
    return session.request(method=method, url=url, **kwargs)
           ^^^^^^^^^^^^^^^^^^^^^^^^^^^^^^^^^^^^^^^^^^^^^^^^^
/root/.venv/lib/python3.11/site-packages/requests/sessions.py:575: in request
    prep = self.prepare_request(req)
           ^^^^^^^^^^^^^^^^^^^^^^^^^
/root/.venv/lib/python3.11/site-packages/requests/sessions.py:484: in prepare_request
    p.prepare(
/root/.venv/lib/python3.11/site-packages/requests/models.py:367: in prepare
    self.prepare_url(url, params)
/root/.venv/lib/python3.11/site-packages/requests/models.py:438: in prepare_url
    raise MissingSchema(
E   requests.exceptions.MissingSchema: Invalid URL '/api/auth/login': No scheme supplied. Perhaps you meant https:///api/auth/login?</error></testcase><testcase classname="backend.tests.test_auth_profile_features.TestProfileAPI" name="test_update_profile_both_fields" time="0.000"><error message="failed on setup with &quot;requests.exceptions.MissingSchema: Invalid URL '/api/auth/login': No scheme supplied. Perhaps you meant https:///api/auth/login?&quot;">backend/tests/test_auth_profile_features.py:138: in auth_token
    response = requests.post(f"{BASE_URL}/api/auth/login", json={
/root/.venv/lib/python3.11/site-packages/requests/api.py:115: in post
    return request("post", url, data=data, json=json, **kwargs)
           ^^^^^^^^^^^^^^^^^^^^^^^^^^^^^^^^^^^^^^^^^^^^^^^^^^^^
/root/.venv/lib/python3.11/site-packages/requests/api.py:59: in request
    return session.request(method=method, url=url, **kwargs)
           ^^^^^^^^^^^^^^^^^^^^^^^^^^^^^^^^^^^^^^^^^^^^^^^^^
/root/.venv/lib/python3.11/site-packages/requests/sessions.py:575: in request
    prep = self.prepare_request(req)
           ^^^^^^^^^^^^^^^^^^^^^^^^^
/root/.venv/lib/python3.11/site-packages/requests/sessions.py:484: in prepare_request
    p.prepare(
/root/.venv/lib/python3.11/site-packages/requests/models.py:367: in prepare
    self.prepare_url(url, params)
/root/.venv/lib/python3.11/site-packages/requests/models.py:438: in prepare_url
    raise MissingSchema(
E   requests.exceptions.MissingSchema: Invalid URL '/api/auth/login': No scheme supplied. Perhaps you meant https:///api/auth/login?</error></testcase><testcase classname="backend.tests.test_auth_profile_features.TestProfileAPI" name="test_update_profile_empty_data" time="0.000"><error message="failed on setup with &quot;requests.exceptions.MissingSchema: Invalid URL '/api/auth/login': No scheme supplied. Perhaps you meant https:///api/auth/login?&quot;">backend/tests/test_auth_profile_features.py:138: in auth_token
    response = requests.post(f"{BASE_URL}/api/auth/login", json={
/root/.venv/lib/python3.11/site-packages/requests/api.py:115: in post
    return request("post", url, data=data, json=json, **kwargs)
           ^^^^^^^^^^^^^^^^^^^^^^^^^^^^^^^^^^^^^^^^^^^^^^^^^^^^
/root/.venv/lib/python3.11/site-packages/requests/api.py:59: in request
    return session.request(method=method, url=url, **kwargs)
           ^^^^^^^^^^^^^^^^^^^^^^^^^^^^^^^^^^^^^^^^^^^^^^^^^
/root/.venv/lib/python3.11/site-packages/requests/sessions.py:575: in request
    prep = self.prepare_request(req)
           ^^^^^^^^^^^^^^^^^^^^^^^^^
/root/.venv/lib/python3.11/site-packages/requests/sessions.py:484: in prepare_request
    p.prepare(
/root/.venv/lib/python3.11/site-packages/requests/models.py:367: in prepare
    self.prepare_url(url, params)
/root/.venv/lib/python3.11/site-packages/requests/models.py:438: in prepare_url
    raise MissingSchema(
E   requests.exceptions.MissingSchema: Invalid URL '/api/auth/login': No scheme supplied. Perhaps you meant https:///api/auth/login?</error></testcase><testcase classname="backend.tests.test_auth_profile_features.TestProfileAPI" name="test_update_profile_unauthorized" time="0.000"><failure message="requests.exceptions.MissingSchema: Invalid URL '/api/auth/profile': No scheme supplied. Perhaps you meant https:///api/auth/profile?">backend/tests/test_auth_profile_features.py:247: in test_update_profile_unauthorized
    response = requests.put(f"{BASE_URL}/api/auth/profile",
/root/.venv/lib/python3.11/site-packages/requests/api.py:130: in put
    return request("put", url, data=data, **kwargs)
           ^^^^^^^^^^^^^^^^^^^^^^^^^^^^^^^^^^^^^^^^
/root/.venv/lib/python3.11/site-packages/requests/api.py:59: in request
    return session.request(method=method, url=url, **kwargs)
           ^^^^^^^^^^^^^^^^^^^^^^^^^^^^^^^^^^^^^^^^^^^^^^^^^
/root/.venv/lib/python3.11/site-packages/requests/sessions.py:575: in request
    prep = self.prepare_request(req)
           ^^^^^^^^^^^^^^^^^^^^^^^^^
/root/.venv/lib/python3.11/site-packages/requests/sessions.py:484: in prepare_request
    p.prepare(
/root/.venv/lib/python3.11/site-packages/requests/models.py:367: in prepare
    self.prepare_url(url, params)
/root/.venv/lib/python3.11/site-packages/requests/models.py:438: in prepare_url
    raise MissingSchema(
E   requests.exceptions.MissingSchema: Invalid URL '/api/auth/profile': No scheme supplied. Perhaps you meant https:///api/auth/profile?</failure></testcase><testcase classname="backend.tests.test_auth_profile_features.TestMailerLiteGroups" name="test_get_mailerlite_groups" time="0.000"><error message="failed on setup with &quot;requests.exceptions.MissingSchema: Invalid URL '/api/auth/login': No scheme supplied. Perhaps you meant https:///api/auth/login?&quot;">backend/tests/test_auth_profile_features.py:261: in admin_token
    response = requests.post(f"{BASE_URL}/api/auth/login", json={
/root/.venv/lib/python3.11/site-packages/requests/api.py:115: in post
    return request("post", url, data=data, json=json, **kwargs)
           ^^^^^^^^^^^^^^^^^^^^^^^^^^^^^^^^^^^^^^^^^^^^^^^^^^^^
/root/.venv/lib/python3.11/site-packages/requests/api.py:59: in request
    return session.request(method=method, url=url, **kwargs)
           ^^^^^^^^^^^^^^^^^^^^^^^^^^^^^^^^^^^^^^^^^^^^^^^^^
/root/.venv/lib/python3.11/site-packages/requests/sessions.py:575: in request
    prep = self.prepare_request(req)
           ^^^^^^^^^^^^^^^^^^^^^^^^^
/root/.venv/lib/python3.11/site-packages/requests/sessions.py:484: in prepare_request
    p.prepare(
/root/.venv/lib/python3.11/site-packages/requests/models.py:367: in prepare
    self.prepare_url(url, params)
/root/.venv/lib/python3.11/site-packages/requests/models.py:438: in prepare_url
    raise MissingSchema(
E   requests.exceptions.MissingSchema: Invalid URL '/api/auth/login': No scheme supplied. Perhaps you meant https:///api/auth/login?</error></testcase><testcase classname="backend.tests.test_auth_profile_features.TestMailerLiteGroups" name="test_mailerlite_groups_unauthorized" time="0.000"><failure message="requests.exceptions.MissingSchema: Invalid URL '/api/admin/mailerlite/groups': No scheme supplied. Perhaps you meant https:///api/admin/mailerlite/groups?">backend/tests/test_auth_profile_features.py:290: in test_mailerlite_groups_unauthorized
    response = requests.get(f"{BASE_URL}/api/admin/mailerlite/groups")
               ^^^^^^^^^^^^^^^^^^^^^^^^^^^^^^^^^^^^^^^^^^^^^^^^^^^^^^^
/root/.venv/lib/python3.11/site-packages/requests/api.py:73: in get
    return request("get", url, params=params, **kwargs)
           ^^^^^^^^^^^^^^^^^^^^^^^^^^^^^^^^^^^^^^^^^^^^
/root/.venv/lib/python3.11/site-packages/requests/api.py:59: in request
    return session.request(method=method, url=url, **kwargs)
           ^^^^^^^^^^^^^^^^^^^^^^^^^^^^^^^^^^^^^^^^^^^^^^^^^
/root/.venv/lib/python3.11/site-packages/requests/sessions.py:575: in request
    prep = self.prepare_request(req)
           ^^^^^^^^^^^^^^^^^^^^^^^^^
/root/.venv/lib/python3.11/site-packages/requests/sessions.py:484: in prepare_request
    p.prepare(
/root/.venv/lib/python3.11/site-packages/requests/models.py:367: in prepare
    self.prepare_url(url, params)
/root/.venv/lib/python3.11/site-packages/requests/models.py:438: in prepare_url
    raise MissingSchema(
E   requests.exceptions.MissingSchema: Invalid URL '/api/admin/mailerlite/groups': No scheme supplied. Perhaps you meant https:///api/admin/mailerlite/groups?</failure></testcase><testcase classname="backend.tests.test_auth_profile_features.TestMailerLiteGroups" name="test_mailerlite_groups_non_admin" time="0.000"><failure message="requests.exceptions.MissingSchema: Invalid URL '/api/auth/register': No scheme supplied. Perhaps you meant https:///api/auth/register?">backend/tests/test_auth_profile_features.py:298: in test_mailerlite_groups_non_admin
    reg_response = requests.post(f"{BASE_URL}/api/auth/register", json={
/root/.venv/lib/python3.11/site-packages/requests/api.py:115: in post
    return request("post", url, data=data, json=json, **kwargs)
           ^^^^^^^^^^^^^^^^^^^^^^^^^^^^^^^^^^^^^^^^^^^^^^^^^^^^
/root/.venv/lib/python3.11/site-packages/requests/api.py:59: in request
    return session.request(method=method, url=url, **kwargs)
           ^^^^^^^^^^^^^^^^^^^^^^^^^^^^^^^^^^^^^^^^^^^^^^^^^
/root/.venv/lib/python3.11/site-packages/requests/sessions.py:575: in request
    prep = self.prepare_request(req)
           ^^^^^^^^^^^^^^^^^^^^^^^^^
/root/.venv/lib/python3.11/site-packages/requests/sessions.py:484: in prepare_request
    p.prepare(
/root/.venv/lib/python3.11/site-packages/requests/models.py:367: in prepare
    self.prepare_url(url, params)
/root/.venv/lib/python3.11/site-packages/requests/models.py:438: in prepare_url
    raise MissingSchema(
E   requests.exceptions.MissingSchema: Invalid URL '/api/auth/register': No scheme supplied. Perhaps you meant https:///api/auth/register?</failure></testcase><testcase classname="backend.tests.test_auth_profile_features.TestCartFlow" name="test_add_to_cart" time="0.000"><failure message="requests.exceptions.MissingSchema: Invalid URL '/api/products?limit=1': No scheme supplied. Perhaps you meant https:///api/products?limit=1?">backend/tests/test_auth_profile_features.py:323: in test_add_to_cart
    products_response = requests.get(f"{BASE_URL}/api/products?limit=1")
                        ^^^^^^^^^^^^^^^^^^^^^^^^^^^^^^^^^^^^^^^^^^^^^^^^
/root/.venv/lib/python3.11/site-packages/requests/api.py:73: in get
    return request("get", url, params=params, **kwargs)
           ^^^^^^^^^^^^^^^^^^^^^^^^^^^^^^^^^^^^^^^^^^^^
/root/.venv/lib/python3.11/site-packages/requests/api.py:59: in request
    return session.request(method=method, url=url, **kwargs)
           ^^^^^^^^^^^^^^^^^^^^^^^^^^^^^^^^^^^^^^^^^^^^^^^^^
/root/.venv/lib/python3.11/site-packages/requests/sessions.py:575: in request
    prep = self.prepare_request(req)
           ^^^^^^^^^^^^^^^^^^^^^^^^^
/root/.venv/lib/python3.11/site-packages/requests/sessions.py:484: in prepare_request
    p.prepare(
/root/.venv/lib/python3.11/site-packages/requests/models.py:367: in prepare
    self.prepare_url(url, params)
/root/.venv/lib/python3.11/site-packages/requests/models.py:438: in prepare_url
    raise MissingSchema(
E   requests.exceptions.MissingSchema: Invalid URL '/api/products?limit=1': No scheme supplied. Perhaps you meant https:///api/products?limit=1?</failure></testcase><testcase classname="backend.tests.test_auth_profile_features.TestProductsAPI" name="test_get_products" time="0.000"><failure message="requests.exceptions.MissingSchema: Invalid URL '/api/products?limit=5': No scheme supplied. Perhaps you meant https:///api/products?limit=5?">backend/tests/test_auth_profile_features.py:359: in test_get_products
    response = requests.get(f"{BASE_URL}/api/products?limit=5")
               ^^^^^^^^^^^^^^^^^^^^^^^^^^^^^^^^^^^^^^^^^^^^^^^^
/root/.venv/lib/python3.11/site-packages/requests/api.py:73: in get
    return request("get", url, params=params, **kwargs)
           ^^^^^^^^^^^^^^^^^^^^^^^^^^^^^^^^^^^^^^^^^^^^
/root/.venv/lib/python3.11/site-packages/requests/api.py:59: in request
    return session.request(method=method, url=url, **kwargs)
           ^^^^^^^^^^^^^^^^^^^^^^^^^^^^^^^^^^^^^^^^^^^^^^^^^
/root/.venv/lib/python3.11/site-packages/requests/sessions.py:575: in request
    prep = self.prepare_request(req)
           ^^^^^^^^^^^^^^^^^^^^^^^^^
/root/.venv/lib/python3.11/site-packages/requests/sessions.py:484: in prepare_request
    p.prepare(
/root/.venv/lib/python3.11/site-packages/requests/models.py:367: in prepare
    self.prepare_url(url, params)
/root/.venv/lib/python3.11/site-packages/requests/models.py:438: in prepare_url
    raise MissingSchema(
E   requests.exceptions.MissingSchema: Invalid URL '/api/products?limit=5': No scheme supplied. Perhaps you meant https:///api/products?limit=5?</failure></testcase><testcase classname="backend.tests.test_blog_api.TestBlogAPI" name="test_get_all_blog_posts" time="0.000"><failure message="requests.exceptions.MissingSchema: Invalid URL '/api/blog/posts': No scheme supplied. Perhaps you meant https:///api/blog/posts?">backend/tests/test_blog_api.py:16: in test_get_all_blog_posts
    response = requests.get(f"{BASE_URL}/api/blog/posts")
               ^^^^^^^^^^^^^^^^^^^^^^^^^^^^^^^^^^^^^^^^^^
/root/.venv/lib/python3.11/site-packages/requests/api.py:73: in get
    return request("get", url, params=params, **kwargs)
           ^^^^^^^^^^^^^^^^^^^^^^^^^^^^^^^^^^^^^^^^^^^^
/root/.venv/lib/python3.11/site-packages/requests/api.py:59: in request
    return session.request(method=method, url=url, **kwargs)
           ^^^^^^^^^^^^^^^^^^^^^^^^^^^^^^^^^^^^^^^^^^^^^^^^^
/root/.venv/lib/python3.11/site-packages/requests/sessions.py:575: in request
    prep = self.prepare_request(req)
           ^^^^^^^^^^^^^^^^^^^^^^^^^
/root/.venv/lib/python3.11/site-packages/requests/sessions.py:484: in prepare_request
    p.prepare(
/root/.venv/lib/python3.11/site-packages/requests/models.py:367: in prepare
    self.prepare_url(url, params)
/root/.venv/lib/python3.11/site-packages/requests/models.py:438: in prepare_url
    raise MissingSchema(
E   requests.exceptions.MissingSchema: Invalid URL '/api/blog/posts': No scheme supplied. Perhaps you meant https:///api/blog/posts?</failure></testcase><testcase classname="backend.tests.test_blog_api.TestBlogAPI" name="test_get_blog_post_by_slug" time="0.000"><failure message="requests.exceptions.MissingSchema: Invalid URL '/api/blog/posts/guide-achat-smartphone-2025': No scheme supplied. Perhaps you meant https:///api/blog/posts/guide-achat-smartphone-2025?">backend/tests/test_blog_api.py:36: in test_get_blog_post_by_slug
    response = requests.get(f"{BASE_URL}/api/blog/posts/{slug}")
               ^^^^^^^^^^^^^^^^^^^^^^^^^^^^^^^^^^^^^^^^^^^^^^^^^
/root/.venv/lib/python3.11/site-packages/requests/api.py:73: in get
    return request("get", url, params=params, **kwargs)
           ^^^^^^^^^^^^^^^^^^^^^^^^^^^^^^^^^^^^^^^^^^^^
/root/.venv/lib/python3.11/site-packages/requests/api.py:59: in request
    return session.request(method=method, url=url, **kwargs)
           ^^^^^^^^^^^^^^^^^^^^^^^^^^^^^^^^^^^^^^^^^^^^^^^^^
/root/.venv/lib/python3.11/site-packages/requests/sessions.py:575: in request
    prep = self.prepare_request(req)
           ^^^^^^^^^^^^^^^^^^^^^^^^^
/root/.venv/lib/python3.11/site-packages/requests/sessions.py:484: in prepare_request
    p.prepare(
/root/.venv/lib/python3.11/site-packages/requests/models.py:367: in prepare
    self.prepare_url(url, params)
/root/.venv/lib/python3.11/site-packages/requests/models.py:438: in prepare_url
    raise MissingSchema(
E   requests.exceptions.MissingSchema: Invalid URL '/api/blog/posts/guide-achat-smartphone-2025': No scheme supplied. Perhaps you meant https:///api/blog/posts/guide-achat-smartphone-2025?</failure></testcase><testcase classname="backend.tests.test_blog_api.TestBlogAPI" name="test_get_blog_post_not_found" time="0.000"><failure message="requests.exceptions.MissingSchema: Invalid URL '/api/blog/posts/non-existent-slug-12345': No scheme supplied. Perhaps you meant https:///api/blog/posts/non-existent-slug-12345?">backend/tests/test_blog_api.py:51: in test_get_blog_post_not_found
    response = requests.get(f"{BASE_URL}/api/blog/posts/non-existent-slug-12345")
               ^^^^^^^^^^^^^^^^^^^^^^^^^^^^^^^^^^^^^^^^^^^^^^^^^^^^^^^^^^^^^^^^^^
/root/.venv/lib/python3.11/site-packages/requests/api.py:73: in get
    return request("get", url, params=params, **kwargs)
           ^^^^^^^^^^^^^^^^^^^^^^^^^^^^^^^^^^^^^^^^^^^^
/root/.venv/lib/python3.11/site-packages/requests/api.py:59: in request
    return session.request(method=method, url=url, **kwargs)
           ^^^^^^^^^^^^^^^^^^^^^^^^^^^^^^^^^^^^^^^^^^^^^^^^^
/root/.venv/lib/python3.11/site-packages/requests/sessions.py:575: in request
    prep = self.prepare_request(req)
           ^^^^^^^^^^^^^^^^^^^^^^^^^
/root/.venv/lib/python3.11/site-packages/requests/sessions.py:484: in prepare_request
    p.prepare(
/root/.venv/lib/python3.11/site-packages/requests/models.py:367: in prepare
    self.prepare_url(url, params)
/root/.venv/lib/python3.11/site-packages/requests/models.py:438: in prepare_url
    raise MissingSchema(
E   requests.exceptions.MissingSchema: Invalid URL '/api/blog/posts/non-existent-slug-12345': No scheme supplied. Perhaps you meant https:///api/blog/posts/non-existent-slug-12345?</failure></testcase><testcase classname="backend.tests.test_blog_api.TestBlogAPI" name="test_blog_posts_have_required_fields" time="0.000"><failure message="requests.exceptions.MissingSchema: Invalid URL '/api/blog/posts': No scheme supplied. Perhaps you meant https:///api/blog/posts?">backend/tests/test_blog_api.py:57: in test_blog_posts_have_required_fields
    response = requests.get(f"{BASE_URL}/api/blog/posts")
               ^^^^^^^^^^^^^^^^^^^^^^^^^^^^^^^^^^^^^^^^^^
/root/.venv/lib/python3.11/site-packages/requests/api.py:73: in get
    return request("get", url, params=params, **kwargs)
           ^^^^^^^^^^^^^^^^^^^^^^^^^^^^^^^^^^^^^^^^^^^^
/root/.venv/lib/python3.11/site-packages/requests/api.py:59: in request
    return session.request(method=method, url=url, **kwargs)
           ^^^^^^^^^^^^^^^^^^^^^^^^^^^^^^^^^^^^^^^^^^^^^^^^^
/root/.venv/lib/python3.11/site-packages/requests/sessions.py:575: in request
    prep = self.prepare_request(req)
           ^^^^^^^^^^^^^^^^^^^^^^^^^
/root/.venv/lib/python3.11/site-packages/requests/sessions.py:484: in prepare_request
    p.prepare(
/root/.venv/lib/python3.11/site-packages/requests/models.py:367: in prepare
    self.prepare_url(url, params)
/root/.venv/lib/python3.11/site-packages/requests/models.py:438: in prepare_url
    raise MissingSchema(
E   requests.exceptions.MissingSchema: Invalid URL '/api/blog/posts': No scheme supplied. Perhaps you meant https:///api/blog/posts?</failure></testcase><testcase classname="backend.tests.test_blog_api.TestBlogAPI" name="test_blog_post_content_has_html" time="0.001"><failure message="requests.exceptions.MissingSchema: Invalid URL '/api/blog/posts/guide-achat-smartphone-2025': No scheme supplied. Perhaps you meant https:///api/blog/posts/guide-achat-smartphone-2025?">backend/tests/test_blog_api.py:71: in test_blog_post_content_has_html
    response = requests.get(f"{BASE_URL}/api/blog/posts/{slug}")
               ^^^^^^^^^^^^^^^^^^^^^^^^^^^^^^^^^^^^^^^^^^^^^^^^^
/root/.venv/lib/python3.11/site-packages/requests/api.py:73: in get
    return request("get", url, params=params, **kwargs)
           ^^^^^^^^^^^^^^^^^^^^^^^^^^^^^^^^^^^^^^^^^^^^
/root/.venv/lib/python3.11/site-packages/requests/api.py:59: in request
    return session.request(method=method, url=url, **kwargs)
           ^^^^^^^^^^^^^^^^^^^^^^^^^^^^^^^^^^^^^^^^^^^^^^^^^
/root/.venv/lib/python3.11/site-packages/requests/sessions.py:575: in request
    prep = self.prepare_request(req)
           ^^^^^^^^^^^^^^^^^^^^^^^^^
/root/.venv/lib/python3.11/site-packages/requests/sessions.py:484: in prepare_request
    p.prepare(
/root/.venv/lib/python3.11/site-packages/requests/models.py:367: in prepare
    self.prepare_url(url, params)
/root/.venv/lib/python3.11/site-packages/requests/models.py:438: in prepare_url
    raise MissingSchema(
E   requests.exceptions.MissingSchema: Invalid URL '/api/blog/posts/guide-achat-smartphone-2025': No scheme supplied. Perhaps you meant https:///api/blog/posts/guide-achat-smartphone-2025?</failure></testcase><testcase classname="backend.tests.test_blog_api.TestBlogAPI" name="test_category_filter_parameter_accepted" time="0.000"><failure message="requests.exceptions.MissingSchema: Invalid URL '/api/blog/posts?category=Conseils': No scheme supplied. Perhaps you meant https:///api/blog/posts?category=Conseils?">backend/tests/test_blog_api.py:83: in test_category_filter_parameter_accepted
    response = requests.get(f"{BASE_URL}/api/blog/posts?category=Conseils")
               ^^^^^^^^^^^^^^^^^^^^^^^^^^^^^^^^^^^^^^^^^^^^^^^^^^^^^^^^^^^^
/root/.venv/lib/python3.11/site-packages/requests/api.py:73: in get
    return request("get", url, params=params, **kwargs)
           ^^^^^^^^^^^^^^^^^^^^^^^^^^^^^^^^^^^^^^^^^^^^
/root/.venv/lib/python3.11/site-packages/requests/api.py:59: in request
    return session.request(method=method, url=url, **kwargs)
           ^^^^^^^^^^^^^^^^^^^^^^^^^^^^^^^^^^^^^^^^^^^^^^^^^
/root/.venv/lib/python3.11/site-packages/requests/sessions.py:575: in request
    prep = self.prepare_request(req)
           ^^^^^^^^^^^^^^^^^^^^^^^^^
/root/.venv/lib/python3.11/site-packages/requests/sessions.py:484: in prepare_request
    p.prepare(
/root/.venv/lib/python3.11/site-packages/requests/models.py:367: in prepare
    self.prepare_url(url, params)
/root/.venv/lib/python3.11/site-packages/requests/models.py:438: in prepare_url
    raise MissingSchema(
E   requests.exceptions.MissingSchema: Invalid URL '/api/blog/posts?category=Conseils': No scheme supplied. Perhaps you meant https:///api/blog/posts?category=Conseils?</failure></testcase><testcase classname="backend.tests.test_blog_api.TestBlogAPI" name="test_limit_parameter" time="0.000"><failure message="requests.exceptions.MissingSchema: Invalid URL '/api/blog/posts?limit=2': No scheme supplied. Perhaps you meant https:///api/blog/posts?limit=2?">backend/tests/test_blog_api.py:91: in test_limit_parameter
    response = requests.get(f"{BASE_URL}/api/blog/posts?limit=2")
               ^^^^^^^^^^^^^^^^^^^^^^^^^^^^^^^^^^^^^^^^^^^^^^^^^^
/root/.venv/lib/python3.11/site-packages/requests/api.py:73: in get
    return request("get", url, params=params, **kwargs)
           ^^^^^^^^^^^^^^^^^^^^^^^^^^^^^^^^^^^^^^^^^^^^
/root/.venv/lib/python3.11/site-packages/requests/api.py:59: in request
    return session.request(method=method, url=url, **kwargs)
           ^^^^^^^^^^^^^^^^^^^^^^^^^^^^^^^^^^^^^^^^^^^^^^^^^
/root/.venv/lib/python3.11/site-packages/requests/sessions.py:575: in request
    prep = self.prepare_request(req)
           ^^^^^^^^^^^^^^^^^^^^^^^^^
/root/.venv/lib/python3.11/site-packages/requests/sessions.py:484: in prepare_request
    p.prepare(
/root/.venv/lib/python3.11/site-packages/requests/models.py:367: in prepare
    self.prepare_url(url, params)
/root/.venv/lib/python3.11/site-packages/requests/models.py:438: in prepare_url
    raise MissingSchema(
E   requests.exceptions.MissingSchema: Invalid URL '/api/blog/posts?limit=2': No scheme supplied. Perhaps you meant https:///api/blog/posts?limit=2?</failure></testcase><testcase classname="backend.tests.test_blog_api.TestBlogAPI" name="test_multiple_sample_posts_available" time="0.000"><failure message="requests.exceptions.MissingSchema: Invalid URL '/api/blog/posts': No scheme supplied. Perhaps you meant https:///api/blog/posts?">backend/tests/test_blog_api.py:100: in test_multiple_sample_posts_available
    response = requests.get(f"{BASE_URL}/api/blog/posts")
               ^^^^^^^^^^^^^^^^^^^^^^^^^^^^^^^^^^^^^^^^^^
/root/.venv/lib/python3.11/site-packages/requests/api.py:73: in get
    return request("get", url, params=params, **kwargs)
           ^^^^^^^^^^^^^^^^^^^^^^^^^^^^^^^^^^^^^^^^^^^^
/root/.venv/lib/python3.11/site-packages/requests/api.py:59: in request
    return session.request(method=method, url=url, **kwargs)
           ^^^^^^^^^^^^^^^^^^^^^^^^^^^^^^^^^^^^^^^^^^^^^^^^^
/root/.venv/lib/python3.11/site-packages/requests/sessions.py:575: in request
    prep = self.prepare_request(req)
           ^^^^^^^^^^^^^^^^^^^^^^^^^
/root/.venv/lib/python3.11/site-packages/requests/sessions.py:484: in prepare_request
    p.prepare(
/root/.venv/lib/python3.11/site-packages/requests/models.py:367: in prepare
    self.prepare_url(url, params)
/root/.venv/lib/python3.11/site-packages/requests/models.py:438: in prepare_url
    raise MissingSchema(
E   requests.exceptions.MissingSchema: Invalid URL '/api/blog/posts': No scheme supplied. Perhaps you meant https:///api/blog/posts?</failure></testcase><testcase classname="backend.tests.test_blog_api.TestBlogAPI" name="test_blog_post_has_read_time" time="0.000"><failure message="requests.exceptions.MissingSchema: Invalid URL '/api/blog/posts': No scheme supplied. Perhaps you meant https:///api/blog/posts?">backend/tests/test_blog_api.py:114: in test_blog_post_has_read_time
    response = requests.get(f"{BASE_URL}/api/blog/posts")
               ^^^^^^^^^^^^^^^^^^^^^^^^^^^^^^^^^^^^^^^^^^
/root/.venv/lib/python3.11/site-packages/requests/api.py:73: in get
    return request("get", url, params=params, **kwargs)
           ^^^^^^^^^^^^^^^^^^^^^^^^^^^^^^^^^^^^^^^^^^^^
/root/.venv/lib/python3.11/site-packages/requests/api.py:59: in request
    return session.request(method=method, url=url, **kwargs)
           ^^^^^^^^^^^^^^^^^^^^^^^^^^^^^^^^^^^^^^^^^^^^^^^^^
/root/.venv/lib/python3.11/site-packages/requests/sessions.py:575: in request
    prep = self.prepare_request(req)
           ^^^^^^^^^^^^^^^^^^^^^^^^^
/root/.venv/lib/python3.11/site-packages/requests/sessions.py:484: in prepare_request
    p.prepare(
/root/.venv/lib/python3.11/site-packages/requests/models.py:367: in prepare
    self.prepare_url(url, params)
/root/.venv/lib/python3.11/site-packages/requests/models.py:438: in prepare_url
    raise MissingSchema(
E   requests.exceptions.MissingSchema: Invalid URL '/api/blog/posts': No scheme supplied. Perhaps you meant https:///api/blog/posts?</failure></testcase><testcase classname="backend.tests.test_blog_api.TestBlogPostSlugs" name="test_sample_post_accessible[guide-achat-smartphone-2025]" time="0.001"><failure message="requests.exceptions.MissingSchema: Invalid URL '/api/blog/posts/guide-achat-smartphone-2025': No scheme supplied. Perhaps you meant https:///api/blog/posts/guide-achat-smartphone-2025?">backend/tests/test_blog_api.py:136: in test_sample_post_accessible
    response = requests.get(f"{BASE_URL}/api/blog/posts/{slug}")
               ^^^^^^^^^^^^^^^^^^^^^^^^^^^^^^^^^^^^^^^^^^^^^^^^^
/root/.venv/lib/python3.11/site-packages/requests/api.py:73: in get
    return request("get", url, params=params, **kwargs)
           ^^^^^^^^^^^^^^^^^^^^^^^^^^^^^^^^^^^^^^^^^^^^
/root/.venv/lib/python3.11/site-packages/requests/api.py:59: in request
    return session.request(method=method, url=url, **kwargs)
           ^^^^^^^^^^^^^^^^^^^^^^^^^^^^^^^^^^^^^^^^^^^^^^^^^
/root/.venv/lib/python3.11/site-packages/requests/sessions.py:575: in request
    prep = self.prepare_request(req)
           ^^^^^^^^^^^^^^^^^^^^^^^^^
/root/.venv/lib/python3.11/site-packages/requests/sessions.py:484: in prepare_request
    p.prepare(
/root/.venv/lib/python3.11/site-packages/requests/models.py:367: in prepare
    self.prepare_url(url, params)
/root/.venv/lib/python3.11/site-packages/requests/models.py:438: in prepare_url
    raise MissingSchema(
E   requests.exceptions.MissingSchema: Invalid URL '/api/blog/posts/guide-achat-smartphone-2025': No scheme supplied. Perhaps you meant https:///api/blog/posts/guide-achat-smartphone-2025?</failure></testcase><testcase classname="backend.tests.test_blog_api.TestBlogPostSlugs" name="test_sample_post_accessible[tendances-decoration-2025]" time="0.001"><failure message="requests.exceptions.MissingSchema: Invalid URL '/api/blog/posts/tendances-decoration-2025': No scheme supplied. Perhaps you meant https:///api/blog/posts/tendances-decoration-2025?">backend/tests/test_blog_api.py:136: in test_sample_post_accessible
    response = requests.get(f"{BASE_URL}/api/blog/posts/{slug}")
               ^^^^^^^^^^^^^^^^^^^^^^^^^^^^^^^^^^^^^^^^^^^^^^^^^
/root/.venv/lib/python3.11/site-packages/requests/api.py:73: in get
    return request("get", url, params=params, **kwargs)
           ^^^^^^^^^^^^^^^^^^^^^^^^^^^^^^^^^^^^^^^^^^^^
/root/.venv/lib/python3.11/site-packages/requests/api.py:59: in request
    return session.request(method=method, url=url, **kwargs)
           ^^^^^^^^^^^^^^^^^^^^^^^^^^^^^^^^^^^^^^^^^^^^^^^^^
/root/.venv/lib/python3.11/site-packages/requests/sessions.py:575: in request
    prep = self.prepare_request(req)
           ^^^^^^^^^^^^^^^^^^^^^^^^^
/root/.venv/lib/python3.11/site-packages/requests/sessions.py:484: in prepare_request
    p.prepare(
/root/.venv/lib/python3.11/site-packages/requests/models.py:367: in prepare
    self.prepare_url(url, params)
/root/.venv/lib/python3.11/site-packages/requests/models.py:438: in prepare_url
    raise MissingSchema(
E   requests.exceptions.MissingSchema: Invalid URL '/api/blog/posts/tendances-decoration-2025': No scheme supplied. Perhaps you meant https:///api/blog/posts/tendances-decoration-2025?</failure></testcase><testcase classname="backend.tests.test_blog_api.TestBlogPostSlugs" name="test_sample_post_accessible[conseils-entretien-electromenager]" time="0.001"><failure message="requests.exceptions.MissingSchema: Invalid URL '/api/blog/posts/conseils-entretien-electromenager': No scheme supplied. Perhaps you meant https:///api/blog/posts/conseils-entretien-electromenager?">backend/tests/test_blog_api.py:136: in test_sample_post_accessible
    response = requests.get(f"{BASE_URL}/api/blog/posts/{slug}")
               ^^^^^^^^^^^^^^^^^^^^^^^^^^^^^^^^^^^^^^^^^^^^^^^^^
/root/.venv/lib/python3.11/site-packages/requests/api.py:73: in get
    return request("get", url, params=params, **kwargs)
           ^^^^^^^^^^^^^^^^^^^^^^^^^^^^^^^^^^^^^^^^^^^^
/root/.venv/lib/python3.11/site-packages/requests/api.py:59: in request
    return session.request(method=method, url=url, **kwargs)
           ^^^^^^^^^^^^^^^^^^^^^^^^^^^^^^^^^^^^^^^^^^^^^^^^^
/root/.venv/lib/python3.11/site-packages/requests/sessions.py:575: in request
    prep = self.prepare_request(req)
           ^^^^^^^^^^^^^^^^^^^^^^^^^
/root/.venv/lib/python3.11/site-packages/requests/sessions.py:484: in prepare_request
    p.prepare(
/root/.venv/lib/python3.11/site-packages/requests/models.py:367: in prepare
    self.prepare_url(url, params)
/root/.venv/lib/python3.11/site-packages/requests/models.py:438: in prepare_url
    raise MissingSchema(
E   requests.exceptions.MissingSchema: Invalid URL '/api/blog/posts/conseils-entretien-electromenager': No scheme supplied. Perhaps you meant https:///api/blog/posts/conseils-entretien-electromenager?</failure></testcase><testcase classname="backend.tests.test_blog_api.TestBlogPostSlugs" name="test_sample_post_accessible[nouveautes-apple-2025]" time="0.001"><failure message="requests.exceptions.MissingSchema: Invalid URL '/api/blog/posts/nouveautes-apple-2025': No scheme supplied. Perhaps you meant https:///api/blog/posts/nouveautes-apple-2025?">backend/tests/test_blog_api.py:136: in test_sample_post_accessible
    response = requests.get(f"{BASE_URL}/api/blog/posts/{slug}")
               ^^^^^^^^^^^^^^^^^^^^^^^^^^^^^^^^^^^^^^^^^^^^^^^^^
/root/.venv/lib/python3.11/site-packages/requests/api.py:73: in get
    return request("get", url, params=params, **kwargs)
           ^^^^^^^^^^^^^^^^^^^^^^^^^^^^^^^^^^^^^^^^^^^^
/root/.venv/lib/python3.11/site-packages/requests/api.py:59: in request
    return session.request(method=method, url=url, **kwargs)
           ^^^^^^^^^^^^^^^^^^^^^^^^^^^^^^^^^^^^^^^^^^^^^^^^^
/root/.venv/lib/python3.11/site-packages/requests/sessions.py:575: in request
    prep = self.prepare_request(req)
           ^^^^^^^^^^^^^^^^^^^^^^^^^
/root/.venv/lib/python3.11/site-packages/requests/sessions.py:484: in prepare_request
    p.prepare(
/root/.venv/lib/python3.11/site-packages/requests/models.py:367: in prepare
    self.prepare_url(url, params)
/root/.venv/lib/python3.11/site-packages/requests/models.py:438: in prepare_url
    raise MissingSchema(
E   requests.exceptions.MissingSchema: Invalid URL '/api/blog/posts/nouveautes-apple-2025': No scheme supplied. Perhaps you meant https:///api/blog/posts/nouveautes-apple-2025?</failure></testcase><testcase classname="backend.tests.test_blog_api.TestBlogPostSlugs" name="test_sample_post_accessible[routine-beaute-naturelle]" time="0.001"><failure message="requests.exceptions.MissingSchema: Invalid URL '/api/blog/posts/routine-beaute-naturelle': No scheme supplied. Perhaps you meant https:///api/blog/posts/routine-beaute-naturelle?">backend/tests/test_blog_api.py:136: in test_sample_post_accessible
    response = requests.get(f"{BASE_URL}/api/blog/posts/{slug}")
               ^^^^^^^^^^^^^^^^^^^^^^^^^^^^^^^^^^^^^^^^^^^^^^^^^
/root/.venv/lib/python3.11/site-packages/requests/api.py:73: in get
    return request("get", url, params=params, **kwargs)
           ^^^^^^^^^^^^^^^^^^^^^^^^^^^^^^^^^^^^^^^^^^^^
/root/.venv/lib/python3.11/site-packages/requests/api.py:59: in request
    return session.request(method=method, url=url, **kwargs)
           ^^^^^^^^^^^^^^^^^^^^^^^^^^^^^^^^^^^^^^^^^^^^^^^^^
/root/.venv/lib/python3.11/site-packages/requests/sessions.py:575: in request
    prep = self.prepare_request(req)
           ^^^^^^^^^^^^^^^^^^^^^^^^^
/root/.venv/lib/python3.11/site-packages/requests/sessions.py:484: in prepare_request
    p.prepare(
/root/.venv/lib/python3.11/site-packages/requests/models.py:367: in prepare
    self.prepare_url(url, params)
/root/.venv/lib/python3.11/site-packages/requests/models.py:438: in prepare_url
    raise MissingSchema(
E   requests.exceptions.MissingSchema: Invalid URL '/api/blog/posts/routine-beaute-naturelle': No scheme supplied. Perhaps you meant https:///api/blog/posts/routine-beaute-naturelle?</failure></testcase><testcase classname="backend.tests.test_blog_api.TestBlogPostSlugs" name="test_sample_post_accessible[guide-televiseur-4k]" time="0.001"><failure message="requests.exceptions.MissingSchema: Invalid URL '/api/blog/posts/guide-televiseur-4k': No scheme supplied. Perhaps you meant https:///api/blog/posts/guide-televiseur-4k?">backend/tests/test_blog_api.py:136: in test_sample_post_accessible
    response = requests.get(f"{BASE_URL}/api/blog/posts/{slug}")
               ^^^^^^^^^^^^^^^^^^^^^^^^^^^^^^^^^^^^^^^^^^^^^^^^^
/root/.venv/lib/python3.11/site-packages/requests/api.py:73: in get
    return request("get", url, params=params, **kwargs)
           ^^^^^^^^^^^^^^^^^^^^^^^^^^^^^^^^^^^^^^^^^^^^
/root/.venv/lib/python3.11/site-packages/requests/api.py:59: in request
    return session.request(method=method, url=url, **kwargs)
           ^^^^^^^^^^^^^^^^^^^^^^^^^^^^^^^^^^^^^^^^^^^^^^^^^
/root/.venv/lib/python3.11/site-packages/requests/sessions.py:575: in request
    prep = self.prepare_request(req)
           ^^^^^^^^^^^^^^^^^^^^^^^^^
/root/.venv/lib/python3.11/site-packages/requests/sessions.py:484: in prepare_request
    p.prepare(
/root/.venv/lib/python3.11/site-packages/requests/models.py:367: in prepare
    self.prepare_url(url, params)
/root/.venv/lib/python3.11/site-packages/requests/models.py:438: in prepare_url
    raise MissingSchema(
E   requests.exceptions.MissingSchema: Invalid URL '/api/blog/posts/guide-televiseur-4k': No scheme supplied. Perhaps you meant https:///api/blog/posts/guide-televiseur-4k?</failure></testcase><testcase classname="backend.tests.test_comprehensive.TestHealthAndBasics" name="test_health_endpoint" time="0.103" /><testcase classname="backend.tests.test_comprehensive.TestHealthAndBasics" name="test_seed_endpoint" time="0.042" /><testcase classname="backend.tests.test_comprehensive.TestProductsAPI" name="test_get_products_list" time="0.043" /><testcase classname="backend.tests.test_comprehensive.TestProductsAPI" name="test_get_products_by_category" time="0.038" /><testcase classname="backend.tests.test_comprehensive.TestProductsAPI" name="test_get_featured_products" time="0.040" /><testcase classname="backend.tests.test_comprehensive.TestProductsAPI" name="test_get_new_products" time="0.044" /><testcase classname="backend.tests.test_comprehensive.TestProductsAPI" name="test_get_promo_products" time="0.039" /><testcase classname="backend.tests.test_comprehensive.TestProductsAPI" name="test_get_single_product" time="0.082" /><testcase classname="backend.tests.test_comprehensive.TestProductsAPI" name="test_get_nonexistent_product" time="0.039" /><testcase classname="backend.tests.test_comprehensive.TestProductsAPI" name="test_get_similar_products" time="0.087" /><testcase classname="backend.tests.test_comprehensive.TestProductsAPI" name="test_get_product_reviews" time="0.097" /><testcase classname="backend.tests.test_comprehensive.TestFlashSales" name="test_get_flash_sales" time="0.044" /><testcase classname="backend.tests.test_comprehensive.TestAuthAPI" name="test_login_with_valid_credentials" time="0.262" /><testcase classname="backend.tests.test_comprehensive.TestAuthAPI" name="test_login_with_invalid_credentials" time="0.046" /><testcase classname="backend.tests.test_comprehensive.TestAuthAPI" name="test_register_new_user" time="0.279" /><testcase classname="backend.tests.test_comprehensive.TestAuthAPI" name="test_register_duplicate_email" time="0.042" /><testcase classname="backend.tests.test_comprehensive.TestCartAPI" name="test_create_cart" time="0.037" /><testcase classname="backend.tests.test_comprehensive.TestCartAPI" name="test_add_item_to_cart" time="0.076" /><testcase classname="backend.tests.test_comprehensive.TestCartAPI" name="test_get_cart" time="0.038" /><testcase classname="backend.tests.test_comprehensive.TestOrdersAPI" name="test_get_orders_requires_auth" time="0.040" /><testcase classname="backend.tests.test_comprehensive.TestOrdersAPI" name="test_track_order" time="0.078" /><testcase classname="backend.tests.test_comprehensive.TestBlogAPI" name="test_get_blog_posts" time="0.044" /><testcase classname="backend.tests.test_comprehensive.TestBlogAPI" name="test_get_single_blog_post" time="0.049" /><testcase classname="backend.tests.test_comprehensive.TestBlogAPI" name="test_get_nonexistent_blog_post" time="0.039" /><testcase classname="backend.tests.test_comprehensive.TestNewsletterAPI" name="test_subscribe_newsletter" time="0.043" /><testcase classname="backend.tests.test_comprehensive.TestAdminAPI" name="test_admin_stats" time="0.277" /><testcase classname="backend.tests.test_comprehensive.TestAdminAPI" name="test_admin_orders_list" time="0.277" /><testcase classname="backend.tests.test_comprehensive.TestAdminAPI" name="test_admin_users_list" time="0.278" /><testcase classname="backend.tests.test_comprehensive.TestPromoCodesAPI" name="test_validate_invalid_promo_code" time="0.038" /><testcase classname="backend.tests.test_comprehensive.TestStockNotifications" name="test_subscribe_stock_notification" time="0.086" /><testcase classname="backend.tests.test_comprehensive.TestPriceAlerts" name="test_subscribe_price_alert" time="0.093" /><testcase classname="backend.tests.test_phase1_features.TestOrderTracking" name="test_track_order_missing_params" time="0.001"><failure message="requests.exceptions.MissingSchema: Invalid URL '/api/orders/track': No scheme supplied. Perhaps you meant https:///api/orders/track?">backend/tests/test_phase1_features.py:21: in test_track_order_missing_params
    response = requests.get(f"{BASE_URL}/api/orders/track")
               ^^^^^^^^^^^^^^^^^^^^^^^^^^^^^^^^^^^^^^^^^^^^
/root/.venv/lib/python3.11/site-packages/requests/api.py:73: in get
    return request("get", url, params=params, **kwargs)
           ^^^^^^^^^^^^^^^^^^^^^^^^^^^^^^^^^^^^^^^^^^^^
/root/.venv/lib/python3.11/site-packages/requests/api.py:59: in request
    return session.request(method=method, url=url, **kwargs)
           ^^^^^^^^^^^^^^^^^^^^^^^^^^^^^^^^^^^^^^^^^^^^^^^^^
/root/.venv/lib/python3.11/site-packages/requests/sessions.py:575: in request
    prep = self.prepare_request(req)
           ^^^^^^^^^^^^^^^^^^^^^^^^^
/root/.venv/lib/python3.11/site-packages/requests/sessions.py:484: in prepare_request
    p.prepare(
/root/.venv/lib/python3.11/site-packages/requests/models.py:367: in prepare
    self.prepare_url(url, params)
/root/.venv/lib/python3.11/site-packages/requests/models.py:438: in prepare_url
    raise MissingSchema(
E   requests.exceptions.MissingSchema: Invalid URL '/api/orders/track': No scheme supplied. Perhaps you meant https:///api/orders/track?</failure></testcase><testcase classname="backend.tests.test_phase1_features.TestOrderTracking" name="test_track_order_not_found" time="0.000"><failure message="requests.exceptions.MissingSchema: Invalid URL '/api/orders/track': No scheme supplied. Perhaps you meant https:///api/orders/track?">backend/tests/test_phase1_features.py:28: in test_track_order_not_found
    response = requests.get(
/root/.venv/lib/python3.11/site-packages/requests/api.py:73: in get
    return request("get", url, params=params, **kwargs)
           ^^^^^^^^^^^^^^^^^^^^^^^^^^^^^^^^^^^^^^^^^^^^
/root/.venv/lib/python3.11/site-packages/requests/api.py:59: in request
    return session.request(method=method, url=url, **kwargs)
           ^^^^^^^^^^^^^^^^^^^^^^^^^^^^^^^^^^^^^^^^^^^^^^^^^
/root/.venv/lib/python3.11/site-packages/requests/sessions.py:575: in request
    prep = self.prepare_request(req)
           ^^^^^^^^^^^^^^^^^^^^^^^^^
/root/.venv/lib/python3.11/site-packages/requests/sessions.py:484: in prepare_request
    p.prepare(
/root/.venv/lib/python3.11/site-packages/requests/models.py:367: in prepare
    self.prepare_url(url, params)
/root/.venv/lib/python3.11/site-packages/requests/models.py:438: in prepare_url
    raise MissingSchema(
E   requests.exceptions.MissingSchema: Invalid URL '/api/orders/track': No scheme supplied. Perhaps you meant https:///api/orders/track?</failure></testcase><testcase classname="backend.tests.test_phase1_features.TestOrderTracking" name="test_track_order_invalid_email" time="0.000"><failure message="requests.exceptions.MissingSchema: Invalid URL '/api/orders/track': No scheme supplied. Perhaps you meant https:///api/orders/track?">backend/tests/test_phase1_features.py:42: in test_track_order_invalid_email
    response = requests.get(
/root/.venv/lib/python3.11/site-packages/requests/api.py:73: in get
    return request("get", url, params=params, **kwargs)
           ^^^^^^^^^^^^^^^^^^^^^^^^^^^^^^^^^^^^^^^^^^^^
/root/.venv/lib/python3.11/site-packages/requests/api.py:59: in request
    return session.request(method=method, url=url, **kwargs)
           ^^^^^^^^^^^^^^^^^^^^^^^^^^^^^^^^^^^^^^^^^^^^^^^^^
/root/.venv/lib/python3.11/site-packages/requests/sessions.py:575: in request
    prep = self.prepare_request(req)
           ^^^^^^^^^^^^^^^^^^^^^^^^^
/root/.venv/lib/python3.11/site-packages/requests/sessions.py:484: in prepare_request
    p.prepare(
/root/.venv/lib/python3.11/site-packages/requests/models.py:367: in prepare
    self.prepare_url(url, params)
/root/.venv/lib/python3.11/site-packages/requests/models.py:438: in prepare_url
    raise MissingSchema(
E   requests.exceptions.MissingSchema: Invalid URL '/api/orders/track': No scheme supplied. Perhaps you meant https:///api/orders/track?</failure></testcase><testcase classname="backend.tests.test_phase1_features.TestProductsWithFilters" name="test_get_products_basic" time="0.000"><failure message="requests.exceptions.MissingSchema: Invalid URL '/api/products': No scheme supplied. Perhaps you meant https:///api/products?">backend/tests/test_phase1_features.py:56: in test_get_products_basic
    response = requests.get(f"{BASE_URL}/api/products")
               ^^^^^^^^^^^^^^^^^^^^^^^^^^^^^^^^^^^^^^^^
/root/.venv/lib/python3.11/site-packages/requests/api.py:73: in get
    return request("get", url, params=params, **kwargs)
           ^^^^^^^^^^^^^^^^^^^^^^^^^^^^^^^^^^^^^^^^^^^^
/root/.venv/lib/python3.11/site-packages/requests/api.py:59: in request
    return session.request(method=method, url=url, **kwargs)
           ^^^^^^^^^^^^^^^^^^^^^^^^^^^^^^^^^^^^^^^^^^^^^^^^^
/root/.venv/lib/python3.11/site-packages/requests/sessions.py:575: in request
    prep = self.prepare_request(req)
           ^^^^^^^^^^^^^^^^^^^^^^^^^
/root/.venv/lib/python3.11/site-packages/requests/sessions.py:484: in prepare_request
    p.prepare(
/root/.venv/lib/python3.11/site-packages/requests/models.py:367: in prepare
    self.prepare_url(url, params)
/root/.venv/lib/python3.11/site-packages/requests/models.py:438: in prepare_url
    raise MissingSchema(
E   requests.exceptions.MissingSchema: Invalid URL '/api/products': No scheme supplied. Perhaps you meant https:///api/products?</failure></testcase><testcase classname="backend.tests.test_phase1_features.TestProductsWithFilters" name="test_get_products_by_category" time="0.000"><failure message="requests.exceptions.MissingSchema: Invalid URL '/api/products': No scheme supplied. Perhaps you meant https:///api/products?">backend/tests/test_phase1_features.py:65: in test_get_products_by_category
    response = requests.get(f"{BASE_URL}/api/products", params={"category": "electronique"})
               ^^^^^^^^^^^^^^^^^^^^^^^^^^^^^^^^^^^^^^^^^^^^^^^^^^^^^^^^^^^^^^^^^^^^^^^^^^^^^
/root/.venv/lib/python3.11/site-packages/requests/api.py:73: in get
    return request("get", url, params=params, **kwargs)
           ^^^^^^^^^^^^^^^^^^^^^^^^^^^^^^^^^^^^^^^^^^^^
/root/.venv/lib/python3.11/site-packages/requests/api.py:59: in request
    return session.request(method=method, url=url, **kwargs)
           ^^^^^^^^^^^^^^^^^^^^^^^^^^^^^^^^^^^^^^^^^^^^^^^^^
/root/.venv/lib/python3.11/site-packages/requests/sessions.py:575: in request
    prep = self.prepare_request(req)
           ^^^^^^^^^^^^^^^^^^^^^^^^^
/root/.venv/lib/python3.11/site-packages/requests/sessions.py:484: in prepare_request
    p.prepare(
/root/.venv/lib/python3.11/site-packages/requests/models.py:367: in prepare
    self.prepare_url(url, params)
/root/.venv/lib/python3.11/site-packages/requests/models.py:438: in prepare_url
    raise MissingSchema(
E   requests.exceptions.MissingSchema: Invalid URL '/api/products': No scheme supplied. Perhaps you meant https:///api/products?</failure></testcase><testcase classname="backend.tests.test_phase1_features.TestProductsWithFilters" name="test_products_have_filter_fields" time="0.000"><failure message="requests.exceptions.MissingSchema: Invalid URL '/api/products': No scheme supplied. Perhaps you meant https:///api/products?">backend/tests/test_phase1_features.py:76: in test_products_have_filter_fields
    response = requests.get(f"{BASE_URL}/api/products", params={"limit": 20})
               ^^^^^^^^^^^^^^^^^^^^^^^^^^^^^^^^^^^^^^^^^^^^^^^^^^^^^^^^^^^^^^
/root/.venv/lib/python3.11/site-packages/requests/api.py:73: in get
    return request("get", url, params=params, **kwargs)
           ^^^^^^^^^^^^^^^^^^^^^^^^^^^^^^^^^^^^^^^^^^^^
/root/.venv/lib/python3.11/site-packages/requests/api.py:59: in request
    return session.request(method=method, url=url, **kwargs)
           ^^^^^^^^^^^^^^^^^^^^^^^^^^^^^^^^^^^^^^^^^^^^^^^^^
/root/.venv/lib/python3.11/site-packages/requests/sessions.py:575: in request
    prep = self.prepare_request(req)
           ^^^^^^^^^^^^^^^^^^^^^^^^^
/root/.venv/lib/python3.11/site-packages/requests/sessions.py:484: in prepare_request
    p.prepare(
/root/.venv/lib/python3.11/site-packages/requests/models.py:367: in prepare
    self.prepare_url(url, params)
/root/.venv/lib/python3.11/site-packages/requests/models.py:438: in prepare_url
    raise MissingSchema(
E   requests.exceptions.MissingSchema: Invalid URL '/api/products': No scheme supplied. Perhaps you meant https:///api/products?</failure></testcase><testcase classname="backend.tests.test_phase1_features.TestProductsWithFilters" name="test_products_have_stock_field" time="0.000"><failure message="requests.exceptions.MissingSchema: Invalid URL '/api/products': No scheme supplied. Perhaps you meant https:///api/products?">backend/tests/test_phase1_features.py:93: in test_products_have_stock_field
    response = requests.get(f"{BASE_URL}/api/products", params={"limit": 10})
               ^^^^^^^^^^^^^^^^^^^^^^^^^^^^^^^^^^^^^^^^^^^^^^^^^^^^^^^^^^^^^^
/root/.venv/lib/python3.11/site-packages/requests/api.py:73: in get
    return request("get", url, params=params, **kwargs)
           ^^^^^^^^^^^^^^^^^^^^^^^^^^^^^^^^^^^^^^^^^^^^
/root/.venv/lib/python3.11/site-packages/requests/api.py:59: in request
    return session.request(method=method, url=url, **kwargs)
           ^^^^^^^^^^^^^^^^^^^^^^^^^^^^^^^^^^^^^^^^^^^^^^^^^
/root/.venv/lib/python3.11/site-packages/requests/sessions.py:575: in request
    prep = self.prepare_request(req)
           ^^^^^^^^^^^^^^^^^^^^^^^^^
/root/.venv/lib/python3.11/site-packages/requests/sessions.py:484: in prepare_request
    p.prepare(
/root/.venv/lib/python3.11/site-packages/requests/models.py:367: in prepare
    self.prepare_url(url, params)
/root/.venv/lib/python3.11/site-packages/requests/models.py:438: in prepare_url
    raise MissingSchema(
E   requests.exceptions.MissingSchema: Invalid URL '/api/products': No scheme supplied. Perhaps you meant https:///api/products?</failure></testcase><testcase classname="backend.tests.test_phase1_features.TestProductReviews" name="test_get_product_reviews" time="0.000"><failure message="requests.exceptions.MissingSchema: Invalid URL '/api/products': No scheme supplied. Perhaps you meant https:///api/products?">backend/tests/test_phase1_features.py:108: in test_get_product_reviews
    products_response = requests.get(f"{BASE_URL}/api/products", params={"limit": 1})
                        ^^^^^^^^^^^^^^^^^^^^^^^^^^^^^^^^^^^^^^^^^^^^^^^^^^^^^^^^^^^^^
/root/.venv/lib/python3.11/site-packages/requests/api.py:73: in get
    return request("get", url, params=params, **kwargs)
           ^^^^^^^^^^^^^^^^^^^^^^^^^^^^^^^^^^^^^^^^^^^^
/root/.venv/lib/python3.11/site-packages/requests/api.py:59: in request
    return session.request(method=method, url=url, **kwargs)
           ^^^^^^^^^^^^^^^^^^^^^^^^^^^^^^^^^^^^^^^^^^^^^^^^^
/root/.venv/lib/python3.11/site-packages/requests/sessions.py:575: in request
    prep = self.prepare_request(req)
           ^^^^^^^^^^^^^^^^^^^^^^^^^
/root/.venv/lib/python3.11/site-packages/requests/sessions.py:484: in prepare_request
    p.prepare(
/root/.venv/lib/python3.11/site-packages/requests/models.py:367: in prepare
    self.prepare_url(url, params)
/root/.venv/lib/python3.11/site-packages/requests/models.py:438: in prepare_url
    raise MissingSchema(
E   requests.exceptions.MissingSchema: Invalid URL '/api/products': No scheme supplied. Perhaps you meant https:///api/products?</failure></testcase><testcase classname="backend.tests.test_phase1_features.TestProductReviews" name="test_reviews_distribution_structure" time="0.000"><failure message="requests.exceptions.MissingSchema: Invalid URL '/api/products': No scheme supplied. Perhaps you meant https:///api/products?">backend/tests/test_phase1_features.py:133: in test_reviews_distribution_structure
    products_response = requests.get(f"{BASE_URL}/api/products", params={"limit": 1})
                        ^^^^^^^^^^^^^^^^^^^^^^^^^^^^^^^^^^^^^^^^^^^^^^^^^^^^^^^^^^^^^
/root/.venv/lib/python3.11/site-packages/requests/api.py:73: in get
    return request("get", url, params=params, **kwargs)
           ^^^^^^^^^^^^^^^^^^^^^^^^^^^^^^^^^^^^^^^^^^^^
/root/.venv/lib/python3.11/site-packages/requests/api.py:59: in request
    return session.request(method=method, url=url, **kwargs)
           ^^^^^^^^^^^^^^^^^^^^^^^^^^^^^^^^^^^^^^^^^^^^^^^^^
/root/.venv/lib/python3.11/site-packages/requests/sessions.py:575: in request
    prep = self.prepare_request(req)
           ^^^^^^^^^^^^^^^^^^^^^^^^^
/root/.venv/lib/python3.11/site-packages/requests/sessions.py:484: in prepare_request
    p.prepare(
/root/.venv/lib/python3.11/site-packages/requests/models.py:367: in prepare
    self.prepare_url(url, params)
/root/.venv/lib/python3.11/site-packages/requests/models.py:438: in prepare_url
    raise MissingSchema(
E   requests.exceptions.MissingSchema: Invalid URL '/api/products': No scheme supplied. Perhaps you meant https:///api/products?</failure></testcase><testcase classname="backend.tests.test_phase1_features.TestLegalPages" name="test_cgv_page_accessible" time="0.000"><failure message="requests.exceptions.MissingSchema: Invalid URL '/cgv': No scheme supplied. Perhaps you meant https:///cgv?">backend/tests/test_phase1_features.py:156: in test_cgv_page_accessible
    response = requests.get(f"{BASE_URL}/cgv", allow_redirects=True)
               ^^^^^^^^^^^^^^^^^^^^^^^^^^^^^^^^^^^^^^^^^^^^^^^^^^^^^
/root/.venv/lib/python3.11/site-packages/requests/api.py:73: in get
    return request("get", url, params=params, **kwargs)
           ^^^^^^^^^^^^^^^^^^^^^^^^^^^^^^^^^^^^^^^^^^^^
/root/.venv/lib/python3.11/site-packages/requests/api.py:59: in request
    return session.request(method=method, url=url, **kwargs)
           ^^^^^^^^^^^^^^^^^^^^^^^^^^^^^^^^^^^^^^^^^^^^^^^^^
/root/.venv/lib/python3.11/site-packages/requests/sessions.py:575: in request
    prep = self.prepare_request(req)
           ^^^^^^^^^^^^^^^^^^^^^^^^^
/root/.venv/lib/python3.11/site-packages/requests/sessions.py:484: in prepare_request
    p.prepare(
/root/.venv/lib/python3.11/site-packages/requests/models.py:367: in prepare
    self.prepare_url(url, params)
/root/.venv/lib/python3.11/site-packages/requests/models.py:438: in prepare_url
    raise MissingSchema(
E   requests.exceptions.MissingSchema: Invalid URL '/cgv': No scheme supplied. Perhaps you meant https:///cgv?</failure></testcase><testcase classname="backend.tests.test_phase1_features.TestLegalPages" name="test_confidentialite_page_accessible" time="0.000"><failure message="requests.exceptions.MissingSchema: Invalid URL '/confidentialite': No scheme supplied. Perhaps you meant https:///confidentialite?">backend/tests/test_phase1_features.py:166: in test_confidentialite_page_accessible
    response = requests.get(f"{BASE_URL}/confidentialite", allow_redirects=True)
               ^^^^^^^^^^^^^^^^^^^^^^^^^^^^^^^^^^^^^^^^^^^^^^^^^^^^^^^^^^^^^^^^^
/root/.venv/lib/python3.11/site-packages/requests/api.py:73: in get
    return request("get", url, params=params, **kwargs)
           ^^^^^^^^^^^^^^^^^^^^^^^^^^^^^^^^^^^^^^^^^^^^
/root/.venv/lib/python3.11/site-packages/requests/api.py:59: in request
    return session.request(method=method, url=url, **kwargs)
           ^^^^^^^^^^^^^^^^^^^^^^^^^^^^^^^^^^^^^^^^^^^^^^^^^
/root/.venv/lib/python3.11/site-packages/requests/sessions.py:575: in request
    prep = self.prepare_request(req)
           ^^^^^^^^^^^^^^^^^^^^^^^^^
/root/.venv/lib/python3.11/site-packages/requests/sessions.py:484: in prepare_request
    p.prepare(
/root/.venv/lib/python3.11/site-packages/requests/models.py:367: in prepare
    self.prepare_url(url, params)
/root/.venv/lib/python3.11/site-packages/requests/models.py:438: in prepare_url
    raise MissingSchema(
E   requests.exceptions.MissingSchema: Invalid URL '/confidentialite': No scheme supplied. Perhaps you meant https:///confidentialite?</failure></testcase><testcase classname="backend.tests.test_phase1_features.TestLegalPages" name="test_retours_page_accessible" time="0.000"><failure message="requests.exceptions.MissingSchema: Invalid URL '/retours': No scheme supplied. Perhaps you meant https:///retours?">backend/tests/test_phase1_features.py:172: in test_retours_page_accessible
    response = requests.get(f"{BASE_URL}/retours", allow_redirects=True)
               ^^^^^^^^^^^^^^^^^^^^^^^^^^^^^^^^^^^^^^^^^^^^^^^^^^^^^^^^^
/root/.venv/lib/python3.11/site-packages/requests/api.py:73: in get
    return request("get", url, params=params, **kwargs)
           ^^^^^^^^^^^^^^^^^^^^^^^^^^^^^^^^^^^^^^^^^^^^
/root/.venv/lib/python3.11/site-packages/requests/api.py:59: in request
    return session.request(method=method, url=url, **kwargs)
           ^^^^^^^^^^^^^^^^^^^^^^^^^^^^^^^^^^^^^^^^^^^^^^^^^
/root/.venv/lib/python3.11/site-packages/requests/sessions.py:575: in request
    prep = self.prepare_request(req)
           ^^^^^^^^^^^^^^^^^^^^^^^^^
/root/.venv/lib/python3.11/site-packages/requests/sessions.py:484: in prepare_request
    p.prepare(
/root/.venv/lib/python3.11/site-packages/requests/models.py:367: in prepare
    self.prepare_url(url, params)
/root/.venv/lib/python3.11/site-packages/requests/models.py:438: in prepare_url
    raise MissingSchema(
E   requests.exceptions.MissingSchema: Invalid URL '/retours': No scheme supplied. Perhaps you meant https:///retours?</failure></testcase><testcase classname="backend.tests.test_phase1_features.TestLegalPages" name="test_livraison_page_accessible" time="0.000"><failure message="requests.exceptions.MissingSchema: Invalid URL '/livraison': No scheme supplied. Perhaps you meant https:///livraison?">backend/tests/test_phase1_features.py:178: in test_livraison_page_accessible
    response = requests.get(f"{BASE_URL}/livraison", allow_redirects=True)
               ^^^^^^^^^^^^^^^^^^^^^^^^^^^^^^^^^^^^^^^^^^^^^^^^^^^^^^^^^^^
/root/.venv/lib/python3.11/site-packages/requests/api.py:73: in get
    return request("get", url, params=params, **kwargs)
           ^^^^^^^^^^^^^^^^^^^^^^^^^^^^^^^^^^^^^^^^^^^^
/root/.venv/lib/python3.11/site-packages/requests/api.py:59: in request
    return session.request(method=method, url=url, **kwargs)
           ^^^^^^^^^^^^^^^^^^^^^^^^^^^^^^^^^^^^^^^^^^^^^^^^^
/root/.venv/lib/python3.11/site-packages/requests/sessions.py:575: in request
    prep = self.prepare_request(req)
           ^^^^^^^^^^^^^^^^^^^^^^^^^
/root/.venv/lib/python3.11/site-packages/requests/sessions.py:484: in prepare_request
    p.prepare(
/root/.venv/lib/python3.11/site-packages/requests/models.py:367: in prepare
    self.prepare_url(url, params)
/root/.venv/lib/python3.11/site-packages/requests/models.py:438: in prepare_url
    raise MissingSchema(
E   requests.exceptions.MissingSchema: Invalid URL '/livraison': No scheme supplied. Perhaps you meant https:///livraison?</failure></testcase><testcase classname="backend.tests.test_phase1_features.TestLegalPages" name="test_suivi_commande_page_accessible" time="0.000"><failure message="requests.exceptions.MissingSchema: Invalid URL '/suivi-commande': No scheme supplied. Perhaps you meant https:///suivi-commande?">backend/tests/test_phase1_features.py:184: in test_suivi_commande_page_accessible
    response = requests.get(f"{BASE_URL}/suivi-commande", allow_redirects=True)
               ^^^^^^^^^^^^^^^^^^^^^^^^^^^^^^^^^^^^^^^^^^^^^^^^^^^^^^^^^^^^^^^^
/root/.venv/lib/python3.11/site-packages/requests/api.py:73: in get
    return request("get", url, params=params, **kwargs)
           ^^^^^^^^^^^^^^^^^^^^^^^^^^^^^^^^^^^^^^^^^^^^
/root/.venv/lib/python3.11/site-packages/requests/api.py:59: in request
    return session.request(method=method, url=url, **kwargs)
           ^^^^^^^^^^^^^^^^^^^^^^^^^^^^^^^^^^^^^^^^^^^^^^^^^
/root/.venv/lib/python3.11/site-packages/requests/sessions.py:575: in request
    prep = self.prepare_request(req)
           ^^^^^^^^^^^^^^^^^^^^^^^^^
/root/.venv/lib/python3.11/site-packages/requests/sessions.py:484: in prepare_request
    p.prepare(
/root/.venv/lib/python3.11/site-packages/requests/models.py:367: in prepare
    self.prepare_url(url, params)
/root/.venv/lib/python3.11/site-packages/requests/models.py:438: in prepare_url
    raise MissingSchema(
E   requests.exceptions.MissingSchema: Invalid URL '/suivi-commande': No scheme supplied. Perhaps you meant https:///suivi-commande?</failure></testcase><testcase classname="backend.tests.test_phase1_features.TestHealthAndBasics" name="test_api_health" time="0.000"><failure message="requests.exceptions.MissingSchema: Invalid URL '/api/health': No scheme supplied. Perhaps you meant https:///api/health?">backend/tests/test_phase1_features.py:194: in test_api_health
    response = requests.get(f"{BASE_URL}/api/health")
               ^^^^^^^^^^^^^^^^^^^^^^^^^^^^^^^^^^^^^^
/root/.venv/lib/python3.11/site-packages/requests/api.py:73: in get
    return request("get", url, params=params, **kwargs)
           ^^^^^^^^^^^^^^^^^^^^^^^^^^^^^^^^^^^^^^^^^^^^
/root/.venv/lib/python3.11/site-packages/requests/api.py:59: in request
    return session.request(method=method, url=url, **kwargs)
           ^^^^^^^^^^^^^^^^^^^^^^^^^^^^^^^^^^^^^^^^^^^^^^^^^
/root/.venv/lib/python3.11/site-packages/requests/sessions.py:575: in request
    prep = self.prepare_request(req)
           ^^^^^^^^^^^^^^^^^^^^^^^^^
/root/.venv/lib/python3.11/site-packages/requests/sessions.py:484: in prepare_request
    p.prepare(
/root/.venv/lib/python3.11/site-packages/requests/models.py:367: in prepare
    self.prepare_url(url, params)
/root/.venv/lib/python3.11/site-packages/requests/models.py:438: in prepare_url
    raise MissingSchema(
E   requests.exceptions.MissingSchema: Invalid URL '/api/health': No scheme supplied. Perhaps you meant https:///api/health?</failure></testcase><testcase classname="backend.tests.test_phase1_features.TestHealthAndBasics" name="test_flash_sales_endpoint" time="0.000"><failure message="requests.exceptions.MissingSchema: Invalid URL '/api/flash-sales': No scheme supplied. Perhaps you meant https:///api/flash-sales?">backend/tests/test_phase1_features.py:200: in test_flash_sales_endpoint
    response = requests.get(f"{BASE_URL}/api/flash-sales")
               ^^^^^^^^^^^^^^^^^^^^^^^^^^^^^^^^^^^^^^^^^^^
/root/.venv/lib/python3.11/site-packages/requests/api.py:73: in get
    return request("get", url, params=params, **kwargs)
           ^^^^^^^^^^^^^^^^^^^^^^^^^^^^^^^^^^^^^^^^^^^^
/root/.venv/lib/python3.11/site-packages/requests/api.py:59: in request
    return session.request(method=method, url=url, **kwargs)
           ^^^^^^^^^^^^^^^^^^^^^^^^^^^^^^^^^^^^^^^^^^^^^^^^^
/root/.venv/lib/python3.11/site-packages/requests/sessions.py:575: in request
    prep = self.prepare_request(req)
           ^^^^^^^^^^^^^^^^^^^^^^^^^
/root/.venv/lib/python3.11/site-packages/requests/sessions.py:484: in prepare_request
    p.prepare(
/root/.venv/lib/python3.11/site-packages/requests/models.py:367: in prepare
    self.prepare_url(url, params)
/root/.venv/lib/python3.11/site-packages/requests/models.py:438: in prepare_url
    raise MissingSchema(
E   requests.exceptions.MissingSchema: Invalid URL '/api/flash-sales': No scheme supplied. Perhaps you meant https:///api/flash-sales?</failure></testcase><testcase classname="backend.tests.test_push_notifications.TestPushNotifications" name="test_get_vapid_public_key_returns_200" time="0.001"><failure message="requests.exceptions.MissingSchema: Invalid URL '/api/push/vapid-public-key': No scheme supplied. Perhaps you meant https:///api/push/vapid-public-key?">backend/tests/test_push_notifications.py:39: in test_get_vapid_public_key_returns_200
    response = self.session.get(f"{BASE_URL}/api/push/vapid-public-key")
               ^^^^^^^^^^^^^^^^^^^^^^^^^^^^^^^^^^^^^^^^^^^^^^^^^^^^^^^^^
/root/.venv/lib/python3.11/site-packages/requests/sessions.py:602: in get
    return self.request("GET", url, **kwargs)
           ^^^^^^^^^^^^^^^^^^^^^^^^^^^^^^^^^^
/root/.venv/lib/python3.11/site-packages/requests/sessions.py:575: in request
    prep = self.prepare_request(req)
           ^^^^^^^^^^^^^^^^^^^^^^^^^
/root/.venv/lib/python3.11/site-packages/requests/sessions.py:484: in prepare_request
    p.prepare(
/root/.venv/lib/python3.11/site-packages/requests/models.py:367: in prepare
    self.prepare_url(url, params)
/root/.venv/lib/python3.11/site-packages/requests/models.py:438: in prepare_url
    raise MissingSchema(
E   requests.exceptions.MissingSchema: Invalid URL '/api/push/vapid-public-key': No scheme supplied. Perhaps you meant https:///api/push/vapid-public-key?</failure></testcase><testcase classname="backend.tests.test_push_notifications.TestPushNotifications" name="test_get_vapid_public_key_returns_key" time="0.001"><failure message="requests.exceptions.MissingSchema: Invalid URL '/api/push/vapid-public-key': No scheme supplied. Perhaps you meant https:///api/push/vapid-public-key?">backend/tests/test_push_notifications.py:44: in test_get_vapid_public_key_returns_key
    response = self.session.get(f"{BASE_URL}/api/push/vapid-public-key")
               ^^^^^^^^^^^^^^^^^^^^^^^^^^^^^^^^^^^^^^^^^^^^^^^^^^^^^^^^^
/root/.venv/lib/python3.11/site-packages/requests/sessions.py:602: in get
    return self.request("GET", url, **kwargs)
           ^^^^^^^^^^^^^^^^^^^^^^^^^^^^^^^^^^
/root/.venv/lib/python3.11/site-packages/requests/sessions.py:575: in request
    prep = self.prepare_request(req)
           ^^^^^^^^^^^^^^^^^^^^^^^^^
/root/.venv/lib/python3.11/site-packages/requests/sessions.py:484: in prepare_request
    p.prepare(
/root/.venv/lib/python3.11/site-packages/requests/models.py:367: in prepare
    self.prepare_url(url, params)
/root/.venv/lib/python3.11/site-packages/requests/models.py:438: in prepare_url
    raise MissingSchema(
E   requests.exceptions.MissingSchema: Invalid URL '/api/push/vapid-public-key': No scheme supplied. Perhaps you meant https:///api/push/vapid-public-key?</failure></testcase><testcase classname="backend.tests.test_push_notifications.TestPushNotifications" name="test_vapid_public_key_matches_expected" time="0.001"><failure message="requests.exceptions.MissingSchema: Invalid URL '/api/push/vapid-public-key': No scheme supplied. Perhaps you meant https:///api/push/vapid-public-key?">backend/tests/test_push_notifications.py:51: in test_vapid_public_key_matches_expected
    response = self.session.get(f"{BASE_URL}/api/push/vapid-public-key")
               ^^^^^^^^^^^^^^^^^^^^^^^^^^^^^^^^^^^^^^^^^^^^^^^^^^^^^^^^^
/root/.venv/lib/python3.11/site-packages/requests/sessions.py:602: in get
    return self.request("GET", url, **kwargs)
           ^^^^^^^^^^^^^^^^^^^^^^^^^^^^^^^^^^
/root/.venv/lib/python3.11/site-packages/requests/sessions.py:575: in request
    prep = self.prepare_request(req)
           ^^^^^^^^^^^^^^^^^^^^^^^^^
/root/.venv/lib/python3.11/site-packages/requests/sessions.py:484: in prepare_request
    p.prepare(
/root/.venv/lib/python3.11/site-packages/requests/models.py:367: in prepare
    self.prepare_url(url, params)
/root/.venv/lib/python3.11/site-packages/requests/models.py:438: in prepare_url
    raise MissingSchema(
E   requests.exceptions.MissingSchema: Invalid URL '/api/push/vapid-public-key': No scheme supplied. Perhaps you meant https:///api/push/vapid-public-key?</failure></testcase><testcase classname="backend.tests.test_push_notifications.TestPushNotifications" name="test_subscribe_push_returns_200" time="0.001"><failure message="requests.exceptions.MissingSchema: Invalid URL '/api/push/subscribe': No scheme supplied. Perhaps you meant https:///api/push/subscribe?">backend/tests/test_push_notifications.py:70: in test_subscribe_push_returns_200
    response = self.session.post(f"{BASE_URL}/api/push/subscribe", json=subscription_data)
               ^^^^^^^^^^^^^^^^^^^^^^^^^^^^^^^^^^^^^^^^^^^^^^^^^^^^^^^^^^^^^^^^^^^^^^^^^^^
/root/.venv/lib/python3.11/site-packages/requests/sessions.py:637: in post
    return self.request("POST", url, data=data, json=json, **kwargs)
           ^^^^^^^^^^^^^^^^^^^^^^^^^^^^^^^^^^^^^^^^^^^^^^^^^^^^^^^^^
/root/.venv/lib/python3.11/site-packages/requests/sessions.py:575: in request
    prep = self.prepare_request(req)
           ^^^^^^^^^^^^^^^^^^^^^^^^^
/root/.venv/lib/python3.11/site-packages/requests/sessions.py:484: in prepare_request
    p.prepare(
/root/.venv/lib/python3.11/site-packages/requests/models.py:367: in prepare
    self.prepare_url(url, params)
/root/.venv/lib/python3.11/site-packages/requests/models.py:438: in prepare_url
    raise MissingSchema(
E   requests.exceptions.MissingSchema: Invalid URL '/api/push/subscribe': No scheme supplied. Perhaps you meant https:///api/push/subscribe?</failure></testcase><testcase classname="backend.tests.test_push_notifications.TestPushNotifications" name="test_subscribe_push_returns_success_message" time="0.001"><failure message="requests.exceptions.MissingSchema: Invalid URL '/api/push/subscribe': No scheme supplied. Perhaps you meant https:///api/push/subscribe?">backend/tests/test_push_notifications.py:85: in test_subscribe_push_returns_success_message
    response = self.session.post(f"{BASE_URL}/api/push/subscribe", json=subscription_data)
               ^^^^^^^^^^^^^^^^^^^^^^^^^^^^^^^^^^^^^^^^^^^^^^^^^^^^^^^^^^^^^^^^^^^^^^^^^^^
/root/.venv/lib/python3.11/site-packages/requests/sessions.py:637: in post
    return self.request("POST", url, data=data, json=json, **kwargs)
           ^^^^^^^^^^^^^^^^^^^^^^^^^^^^^^^^^^^^^^^^^^^^^^^^^^^^^^^^^
/root/.venv/lib/python3.11/site-packages/requests/sessions.py:575: in request
    prep = self.prepare_request(req)
           ^^^^^^^^^^^^^^^^^^^^^^^^^
/root/.venv/lib/python3.11/site-packages/requests/sessions.py:484: in prepare_request
    p.prepare(
/root/.venv/lib/python3.11/site-packages/requests/models.py:367: in prepare
    self.prepare_url(url, params)
/root/.venv/lib/python3.11/site-packages/requests/models.py:438: in prepare_url
    raise MissingSchema(
E   requests.exceptions.MissingSchema: Invalid URL '/api/push/subscribe': No scheme supplied. Perhaps you meant https:///api/push/subscribe?</failure></testcase><testcase classname="backend.tests.test_push_notifications.TestPushNotifications" name="test_subscribe_push_validates_endpoint" time="0.001"><failure message="requests.exceptions.MissingSchema: Invalid URL '/api/push/subscribe': No scheme supplied. Perhaps you meant https:///api/push/subscribe?">backend/tests/test_push_notifications.py:99: in test_subscribe_push_validates_endpoint
    response = self.session.post(f"{BASE_URL}/api/push/subscribe", json=subscription_data)
               ^^^^^^^^^^^^^^^^^^^^^^^^^^^^^^^^^^^^^^^^^^^^^^^^^^^^^^^^^^^^^^^^^^^^^^^^^^^
/root/.venv/lib/python3.11/site-packages/requests/sessions.py:637: in post
    return self.request("POST", url, data=data, json=json, **kwargs)
           ^^^^^^^^^^^^^^^^^^^^^^^^^^^^^^^^^^^^^^^^^^^^^^^^^^^^^^^^^
/root/.venv/lib/python3.11/site-packages/requests/sessions.py:575: in request
    prep = self.prepare_request(req)
           ^^^^^^^^^^^^^^^^^^^^^^^^^
/root/.venv/lib/python3.11/site-packages/requests/sessions.py:484: in prepare_request
    p.prepare(
/root/.venv/lib/python3.11/site-packages/requests/models.py:367: in prepare
    self.prepare_url(url, params)
/root/.venv/lib/python3.11/site-packages/requests/models.py:438: in prepare_url
    raise MissingSchema(
E   requests.exceptions.MissingSchema: Invalid URL '/api/push/subscribe': No scheme supplied. Perhaps you meant https:///api/push/subscribe?</failure></testcase><testcase classname="backend.tests.test_push_notifications.TestPushNotifications" name="test_subscribe_push_validates_keys" time="0.001"><failure message="requests.exceptions.MissingSchema: Invalid URL '/api/push/subscribe': No scheme supplied. Perhaps you meant https:///api/push/subscribe?">backend/tests/test_push_notifications.py:109: in test_subscribe_push_validates_keys
    response = self.session.post(f"{BASE_URL}/api/push/subscribe", json=subscription_data)
               ^^^^^^^^^^^^^^^^^^^^^^^^^^^^^^^^^^^^^^^^^^^^^^^^^^^^^^^^^^^^^^^^^^^^^^^^^^^
/root/.venv/lib/python3.11/site-packages/requests/sessions.py:637: in post
    return self.request("POST", url, data=data, json=json, **kwargs)
           ^^^^^^^^^^^^^^^^^^^^^^^^^^^^^^^^^^^^^^^^^^^^^^^^^^^^^^^^^
/root/.venv/lib/python3.11/site-packages/requests/sessions.py:575: in request
    prep = self.prepare_request(req)
           ^^^^^^^^^^^^^^^^^^^^^^^^^
/root/.venv/lib/python3.11/site-packages/requests/sessions.py:484: in prepare_request
    p.prepare(
/root/.venv/lib/python3.11/site-packages/requests/models.py:367: in prepare
    self.prepare_url(url, params)
/root/.venv/lib/python3.11/site-packages/requests/models.py:438: in prepare_url
    raise MissingSchema(
E   requests.exceptions.MissingSchema: Invalid URL '/api/push/subscribe': No scheme supplied. Perhaps you meant https:///api/push/subscribe?</failure></testcase><testcase classname="backend.tests.test_push_notifications.TestPushNotifications" name="test_unsubscribe_push_returns_200" time="0.001"><failure message="requests.exceptions.MissingSchema: Invalid URL '/api/push/subscribe': No scheme supplied. Perhaps you meant https:///api/push/subscribe?">backend/tests/test_push_notifications.py:128: in test_unsubscribe_push_returns_200
    self.session.post(f"{BASE_URL}/api/push/subscribe", json=subscription_data)
/root/.venv/lib/python3.11/site-packages/requests/sessions.py:637: in post
    return self.request("POST", url, data=data, json=json, **kwargs)
           ^^^^^^^^^^^^^^^^^^^^^^^^^^^^^^^^^^^^^^^^^^^^^^^^^^^^^^^^^
/root/.venv/lib/python3.11/site-packages/requests/sessions.py:575: in request
    prep = self.prepare_request(req)
           ^^^^^^^^^^^^^^^^^^^^^^^^^
/root/.venv/lib/python3.11/site-packages/requests/sessions.py:484: in prepare_request
    p.prepare(
/root/.venv/lib/python3.11/site-packages/requests/models.py:367: in prepare
    self.prepare_url(url, params)
/root/.venv/lib/python3.11/site-packages/requests/models.py:438: in prepare_url
    raise MissingSchema(
E   requests.exceptions.MissingSchema: Invalid URL '/api/push/subscribe': No scheme supplied. Perhaps you meant https:///api/push/subscribe?</failure></testcase><testcase classname="backend.tests.test_push_notifications.TestPushNotifications" name="test_unsubscribe_push_returns_success_message" time="0.001"><failure message="requests.exceptions.MissingSchema: Invalid URL '/api/push/unsubscribe': No scheme supplied. Perhaps you meant https:///api/push/unsubscribe?">backend/tests/test_push_notifications.py:146: in test_unsubscribe_push_returns_success_message
    response = self.session.post(f"{BASE_URL}/api/push/unsubscribe", json=subscription_data)
               ^^^^^^^^^^^^^^^^^^^^^^^^^^^^^^^^^^^^^^^^^^^^^^^^^^^^^^^^^^^^^^^^^^^^^^^^^^^^^
/root/.venv/lib/python3.11/site-packages/requests/sessions.py:637: in post
    return self.request("POST", url, data=data, json=json, **kwargs)
           ^^^^^^^^^^^^^^^^^^^^^^^^^^^^^^^^^^^^^^^^^^^^^^^^^^^^^^^^^
/root/.venv/lib/python3.11/site-packages/requests/sessions.py:575: in request
    prep = self.prepare_request(req)
           ^^^^^^^^^^^^^^^^^^^^^^^^^
/root/.venv/lib/python3.11/site-packages/requests/sessions.py:484: in prepare_request
    p.prepare(
/root/.venv/lib/python3.11/site-packages/requests/models.py:367: in prepare
    self.prepare_url(url, params)
/root/.venv/lib/python3.11/site-packages/requests/models.py:438: in prepare_url
    raise MissingSchema(
E   requests.exceptions.MissingSchema: Invalid URL '/api/push/unsubscribe': No scheme supplied. Perhaps you meant https:///api/push/unsubscribe?</failure></testcase><testcase classname="backend.tests.test_push_notifications.TestPushNotifications" name="test_admin_push_stats_requires_auth" time="0.001"><failure message="requests.exceptions.MissingSchema: Invalid URL '/api/admin/push/stats': No scheme supplied. Perhaps you meant https:///api/admin/push/stats?">backend/tests/test_push_notifications.py:154: in test_admin_push_stats_requires_auth
    response = self.session.get(f"{BASE_URL}/api/admin/push/stats")
               ^^^^^^^^^^^^^^^^^^^^^^^^^^^^^^^^^^^^^^^^^^^^^^^^^^^^
/root/.venv/lib/python3.11/site-packages/requests/sessions.py:602: in get
    return self.request("GET", url, **kwargs)
           ^^^^^^^^^^^^^^^^^^^^^^^^^^^^^^^^^^
/root/.venv/lib/python3.11/site-packages/requests/sessions.py:575: in request
    prep = self.prepare_request(req)
           ^^^^^^^^^^^^^^^^^^^^^^^^^
/root/.venv/lib/python3.11/site-packages/requests/sessions.py:484: in prepare_request
    p.prepare(
/root/.venv/lib/python3.11/site-packages/requests/models.py:367: in prepare
    self.prepare_url(url, params)
/root/.venv/lib/python3.11/site-packages/requests/models.py:438: in prepare_url
    raise MissingSchema(
E   requests.exceptions.MissingSchema: Invalid URL '/api/admin/push/stats': No scheme supplied. Perhaps you meant https:///api/admin/push/stats?</failure></testcase><testcase classname="backend.tests.test_push_notifications.TestPushNotifications" name="test_admin_push_stats_returns_200_with_auth" time="0.001"><failure message="requests.exceptions.MissingSchema: Invalid URL '/api/auth/login': No scheme supplied. Perhaps you meant https:///api/auth/login?">backend/tests/test_push_notifications.py:159: in test_admin_push_stats_returns_200_with_auth
    token = self.get_admin_token()
            ^^^^^^^^^^^^^^^^^^^^^^
backend/tests/test_push_notifications.py:27: in get_admin_token
    response = self.session.post(f"{BASE_URL}/api/auth/login", json={
/root/.venv/lib/python3.11/site-packages/requests/sessions.py:637: in post
    return self.request("POST", url, data=data, json=json, **kwargs)
           ^^^^^^^^^^^^^^^^^^^^^^^^^^^^^^^^^^^^^^^^^^^^^^^^^^^^^^^^^
/root/.venv/lib/python3.11/site-packages/requests/sessions.py:575: in request
    prep = self.prepare_request(req)
           ^^^^^^^^^^^^^^^^^^^^^^^^^
/root/.venv/lib/python3.11/site-packages/requests/sessions.py:484: in prepare_request
    p.prepare(
/root/.venv/lib/python3.11/site-packages/requests/models.py:367: in prepare
    self.prepare_url(url, params)
/root/.venv/lib/python3.11/site-packages/requests/models.py:438: in prepare_url
    raise MissingSchema(
E   requests.exceptions.MissingSchema: Invalid URL '/api/auth/login': No scheme supplied. Perhaps you meant https:///api/auth/login?</failure></testcase><testcase classname="backend.tests.test_push_notifications.TestPushNotifications" name="test_admin_push_stats_returns_counts" time="0.001"><failure message="requests.exceptions.MissingSchema: Invalid URL '/api/auth/login': No scheme supplied. Perhaps you meant https:///api/auth/login?">backend/tests/test_push_notifications.py:169: in test_admin_push_stats_returns_counts
    token = self.get_admin_token()
            ^^^^^^^^^^^^^^^^^^^^^^
backend/tests/test_push_notifications.py:27: in get_admin_token
    response = self.session.post(f"{BASE_URL}/api/auth/login", json={
/root/.venv/lib/python3.11/site-packages/requests/sessions.py:637: in post
    return self.request("POST", url, data=data, json=json, **kwargs)
           ^^^^^^^^^^^^^^^^^^^^^^^^^^^^^^^^^^^^^^^^^^^^^^^^^^^^^^^^^
/root/.venv/lib/python3.11/site-packages/requests/sessions.py:575: in request
    prep = self.prepare_request(req)
           ^^^^^^^^^^^^^^^^^^^^^^^^^
/root/.venv/lib/python3.11/site-packages/requests/sessions.py:484: in prepare_request
    p.prepare(
/root/.venv/lib/python3.11/site-packages/requests/models.py:367: in prepare
    self.prepare_url(url, params)
/root/.venv/lib/python3.11/site-packages/requests/models.py:438: in prepare_url
    raise MissingSchema(
E   requests.exceptions.MissingSchema: Invalid URL '/api/auth/login': No scheme supplied. Perhaps you meant https:///api/auth/login?</failure></testcase><testcase classname="backend.tests.test_push_notifications.TestServiceWorker" name="test_sw_js_accessible" time="0.000"><failure message="requests.exceptions.MissingSchema: Invalid URL '/sw.js': No scheme supplied. Perhaps you meant https:///sw.js?">backend/tests/test_push_notifications.py:188: in test_sw_js_accessible
    response = requests.get(f"{BASE_URL}/sw.js")
               ^^^^^^^^^^^^^^^^^^^^^^^^^^^^^^^^^
/root/.venv/lib/python3.11/site-packages/requests/api.py:73: in get
    return request("get", url, params=params, **kwargs)
           ^^^^^^^^^^^^^^^^^^^^^^^^^^^^^^^^^^^^^^^^^^^^
/root/.venv/lib/python3.11/site-packages/requests/api.py:59: in request
    return session.request(method=method, url=url, **kwargs)
           ^^^^^^^^^^^^^^^^^^^^^^^^^^^^^^^^^^^^^^^^^^^^^^^^^
/root/.venv/lib/python3.11/site-packages/requests/sessions.py:575: in request
    prep = self.prepare_request(req)
           ^^^^^^^^^^^^^^^^^^^^^^^^^
/root/.venv/lib/python3.11/site-packages/requests/sessions.py:484: in prepare_request
    p.prepare(
/root/.venv/lib/python3.11/site-packages/requests/models.py:367: in prepare
    self.prepare_url(url, params)
/root/.venv/lib/python3.11/site-packages/requests/models.py:438: in prepare_url
    raise MissingSchema(
E   requests.exceptions.MissingSchema: Invalid URL '/sw.js': No scheme supplied. Perhaps you meant https:///sw.js?</failure></testcase><testcase classname="backend.tests.test_push_notifications.TestServiceWorker" name="test_sw_js_contains_push_handler" time="0.000"><failure message="requests.exceptions.MissingSchema: Invalid URL '/sw.js': No scheme supplied. Perhaps you meant https:///sw.js?">backend/tests/test_push_notifications.py:194: in test_sw_js_contains_push_handler
    response = requests.get(f"{BASE_URL}/sw.js")
               ^^^^^^^^^^^^^^^^^^^^^^^^^^^^^^^^^
/root/.venv/lib/python3.11/site-packages/requests/api.py:73: in get
    return request("get", url, params=params, **kwargs)
           ^^^^^^^^^^^^^^^^^^^^^^^^^^^^^^^^^^^^^^^^^^^^
/root/.venv/lib/python3.11/site-packages/requests/api.py:59: in request
    return session.request(method=method, url=url, **kwargs)
           ^^^^^^^^^^^^^^^^^^^^^^^^^^^^^^^^^^^^^^^^^^^^^^^^^
/root/.venv/lib/python3.11/site-packages/requests/sessions.py:575: in request
    prep = self.prepare_request(req)
           ^^^^^^^^^^^^^^^^^^^^^^^^^
/root/.venv/lib/python3.11/site-packages/requests/sessions.py:484: in prepare_request
    p.prepare(
/root/.venv/lib/python3.11/site-packages/requests/models.py:367: in prepare
    self.prepare_url(url, params)
/root/.venv/lib/python3.11/site-packages/requests/models.py:438: in prepare_url
    raise MissingSchema(
E   requests.exceptions.MissingSchema: Invalid URL '/sw.js': No scheme supplied. Perhaps you meant https:///sw.js?</failure></testcase><testcase classname="backend.tests.test_push_notifications.TestEmailConfiguration" name="test_contact_email_in_store_info" time="0.000"><failure message="requests.exceptions.MissingSchema: Invalid URL '/api/store/info': No scheme supplied. Perhaps you meant https:///api/store/info?">backend/tests/test_push_notifications.py:208: in test_contact_email_in_store_info
    response = requests.get(f"{BASE_URL}/api/store/info")
               ^^^^^^^^^^^^^^^^^^^^^^^^^^^^^^^^^^^^^^^^^^
/root/.venv/lib/python3.11/site-packages/requests/api.py:73: in get
    return request("get", url, params=params, **kwargs)
           ^^^^^^^^^^^^^^^^^^^^^^^^^^^^^^^^^^^^^^^^^^^^
/root/.venv/lib/python3.11/site-packages/requests/api.py:59: in request
    return session.request(method=method, url=url, **kwargs)
           ^^^^^^^^^^^^^^^^^^^^^^^^^^^^^^^^^^^^^^^^^^^^^^^^^
/root/.venv/lib/python3.11/site-packages/requests/sessions.py:575: in request
    prep = self.prepare_request(req)
           ^^^^^^^^^^^^^^^^^^^^^^^^^
/root/.venv/lib/python3.11/site-packages/requests/sessions.py:484: in prepare_request
    p.prepare(
/root/.venv/lib/python3.11/site-packages/requests/models.py:367: in prepare
    self.prepare_url(url, params)
/root/.venv/lib/python3.11/site-packages/requests/models.py:438: in prepare_url
    raise MissingSchema(
E   requests.exceptions.MissingSchema: Invalid URL '/api/store/info': No scheme supplied. Perhaps you meant https:///api/store/info?</failure></testcase></testsuite></testsuites>