<?xml version="1.0" encoding="utf-8"?><testsuites name="pytest tests"><testsuite name="pytest" errors="0" failures="0" skipped="0" tests="17" time="9.668" timestamp="2026-02-07T00:42:32.030466+00:00" hostname="agent-env-c3e2ca00-9a46-44b9-99ec-858a6f879eaf"><testcase classname="backend.tests.test_email_gallery_features.TestEmailAndGalleryFeatures" name="test_services_categories_api" time="0.065" /><testcase classname="backend.tests.test_email_gallery_features.TestEmailAndGalleryFeatures" name="test_services_providers_api" time="0.038" /><testcase classname="backend.tests.test_email_gallery_features.TestEmailAndGalleryFeatures" name="test_services_locations_api" time="0.035" /><testcase classname="backend.tests.test_email_gallery_features.TestEmailAndGalleryFeatures" name="test_admin_login" time="0.264" /><testcase classname="backend.tests.test_email_gallery_features.TestEmailAndGalleryFeatures" name="test_create_test_partner" time="0.267" /><testcase classname="backend.tests.test_email_gallery_features.TestEmailAndGalleryFeatures" name="test_create_quote_for_email" time="0.276" /><testcase classname="backend.tests.test_email_gallery_features.TestEmailAndGalleryFeatures" name="test_send_quote_email_api" time="1.204" /><testcase classname="backend.tests.test_email_gallery_features.TestEmailAndGalleryFeatures" name="test_create_invoice_for_email" time="0.283" /><testcase classname="backend.tests.test_email_gallery_features.TestEmailAndGalleryFeatures" name="test_send_invoice_email_api" time="1.152" /><testcase classname="backend.tests.test_email_gallery_features.TestEmailAndGalleryFeatures" name="test_create_contract_for_email" time="0.274" /><testcase classname="backend.tests.test_email_gallery_features.TestEmailAndGalleryFeatures" name="test_send_contract_email_api" time="1.081" /><testcase classname="backend.tests.test_email_gallery_features.TestEmailAndGalleryFeatures" name="test_get_provider_gallery_not_found" time="0.035" /><testcase classname="backend.tests.test_email_gallery_features.TestEmailAndGalleryFeatures" name="test_get_provider_gallery_existing" time="0.048" /><testcase classname="backend.tests.test_email_gallery_features.TestEmailAndGalleryFeatures" name="test_add_gallery_photo_requires_auth" time="3.084" /><testcase classname="backend.tests.test_email_gallery_features.TestEmailAndGalleryFeatures" name="test_quote_pdf_download" time="0.543" /><testcase classname="backend.tests.test_email_gallery_features.TestEmailAndGalleryFeatures" name="test_invoice_pdf_download" time="0.470" /><testcase classname="backend.tests.test_email_gallery_features.TestEmailAndGalleryFeatures" name="test_contract_pdf_download" time="0.468" /></testsuite></testsuites>