<?xml version="1.0" encoding="utf-8"?><testsuites name="pytest tests"><testsuite name="pytest" errors="0" failures="9" skipped="0" tests="54" time="6.173" timestamp="2026-02-05T19:01:10.227703+00:00" hostname="agent-env-8fbf1586-fe45-424e-939b-09710d9d2a62"><testcase classname="backend.tests.test_full_audit.TestHealthAndSecurity" name="test_health_endpoint" time="0.153" /><testcase classname="backend.tests.test_full_audit.TestHealthAndSecurity" name="test_security_headers" time="0.108" /><testcase classname="backend.tests.test_full_audit.TestHealthAndSecurity" name="test_rate_limit_headers" time="0.108" /><testcase classname="backend.tests.test_full_audit.TestAuthAPI" name="test_login_with_valid_credentials" time="0.307" /><testcase classname="backend.tests.test_full_audit.TestAuthAPI" name="test_login_with_invalid_credentials" time="0.042" /><testcase classname="backend.tests.test_full_audit.TestAuthAPI" name="test_register_new_user" time="0.266" /><testcase classname="backend.tests.test_full_audit.TestAuthAPI" name="test_register_duplicate_email" time="0.043" /><testcase classname="backend.tests.test_full_audit.TestAuthAPI" name="test_get_me_requires_auth" time="0.043" /><testcase classname="backend.tests.test_full_audit.TestAuthAPI" name="test_get_me_with_token" time="0.314" /><testcase classname="backend.tests.test_full_audit.TestAuthAPI" name="test_forgot_password_endpoint" time="0.402" /><testcase classname="backend.tests.test_full_audit.TestAuthAPI" name="test_reset_password_invalid_token" time="0.048" /><testcase classname="backend.tests.test_full_audit.TestProductsAPI" name="test_get_products_list" time="0.041" /><testcase classname="backend.tests.test_full_audit.TestProductsAPI" name="test_get_products_by_category" time="0.040" /><testcase classname="backend.tests.test_full_audit.TestProductsAPI" name="test_get_featured_products" time="0.039" /><testcase classname="backend.tests.test_full_audit.TestProductsAPI" name="test_get_new_products" time="0.039" /><testcase classname="backend.tests.test_full_audit.TestProductsAPI" name="test_get_promo_products" time="0.038" /><testcase classname="backend.tests.test_full_audit.TestProductsAPI" name="test_get_single_product" time="0.079" /><testcase classname="backend.tests.test_full_audit.TestProductsAPI" name="test_get_nonexistent_product" time="0.037" /><testcase classname="backend.tests.test_full_audit.TestProductsAPI" name="test_get_similar_products" time="0.079" /><testcase classname="backend.tests.test_full_audit.TestProductsAPI" name="test_get_product_reviews" time="0.120" /><testcase classname="backend.tests.test_full_audit.TestProductsAPI" name="test_search_products" time="0.044" /><testcase classname="backend.tests.test_full_audit.TestFlashSalesAPI" name="test_get_flash_sales" time="0.040" /><testcase classname="backend.tests.test_full_audit.TestCartAPI" name="test_get_cart" time="0.037" /><testcase classname="backend.tests.test_full_audit.TestCartAPI" name="test_add_to_cart" time="0.080" /><testcase classname="backend.tests.test_full_audit.TestCartAPI" name="test_update_cart_quantity" time="0.122" /><testcase classname="backend.tests.test_full_audit.TestCartAPI" name="test_remove_from_cart" time="0.115" /><testcase classname="backend.tests.test_full_audit.TestOrdersAPI" name="test_get_orders_requires_auth" time="0.042" /><testcase classname="backend.tests.test_full_audit.TestOrdersAPI" name="test_track_order" time="0.044" /><testcase classname="backend.tests.test_full_audit.TestOrdersAPI" name="test_shipping_cost_calculation" time="0.044"><failure message="assert 404 == 200&#10; +  where 404 = &lt;Response [404]&gt;.status_code">backend/tests/test_full_audit.py:364: in test_shipping_cost_calculation
    assert response.status_code == 200
E   assert 404 == 200
E    +  where 404 = &lt;Response [404]&gt;.status_code</failure></testcase><testcase classname="backend.tests.test_full_audit.TestBlogAPI" name="test_get_blog_posts" time="0.039"><failure message="assert 404 == 200&#10; +  where 404 = &lt;Response [404]&gt;.status_code">backend/tests/test_full_audit.py:377: in test_get_blog_posts
    assert response.status_code == 200
E   assert 404 == 200
E    +  where 404 = &lt;Response [404]&gt;.status_code</failure></testcase><testcase classname="backend.tests.test_full_audit.TestBlogAPI" name="test_get_single_blog_post" time="0.038"><failure message="KeyError: 0">backend/tests/test_full_audit.py:388: in test_get_single_blog_post
    slug = posts[0]["slug"]
           ^^^^^^^^
E   KeyError: 0</failure></testcase><testcase classname="backend.tests.test_full_audit.TestBlogAPI" name="test_get_nonexistent_blog_post" time="0.043" /><testcase classname="backend.tests.test_full_audit.TestNewsletterAPI" name="test_subscribe_newsletter" time="0.045" /><testcase classname="backend.tests.test_full_audit.TestContactAPI" name="test_send_contact_message" time="0.049" /><testcase classname="backend.tests.test_full_audit.TestAppointmentsAPI" name="test_create_appointment" time="0.039"><failure message="assert 422 == 200&#10; +  where 422 = &lt;Response [422]&gt;.status_code">backend/tests/test_full_audit.py:454: in test_create_appointment
    assert response.status_code == 200
E   assert 422 == 200
E    +  where 422 = &lt;Response [422]&gt;.status_code</failure></testcase><testcase classname="backend.tests.test_full_audit.TestPromoCodesAPI" name="test_validate_invalid_promo_code" time="0.044" /><testcase classname="backend.tests.test_full_audit.TestPushNotificationsAPI" name="test_get_vapid_public_key" time="0.037"><failure message="AssertionError: assert 'public_key' in {'publicKey': 'BHcPKi8wussREvjsO85BoeHYXLelN7eqJ0RNlZ_s1NrAG7_NfyDeGZX5gstAZOGM9FubIXvBlfH-556xEkXfnBU'}">backend/tests/test_full_audit.py:481: in test_get_vapid_public_key
    assert "public_key" in data
E   AssertionError: assert 'public_key' in {'publicKey': 'BHcPKi8wussREvjsO85BoeHYXLelN7eqJ0RNlZ_s1NrAG7_NfyDeGZX5gstAZOGM9FubIXvBlfH-556xEkXfnBU'}</failure></testcase><testcase classname="backend.tests.test_full_audit.TestPushNotificationsAPI" name="test_subscribe_push" time="0.038" /><testcase classname="backend.tests.test_full_audit.TestPushNotificationsAPI" name="test_unsubscribe_push" time="0.082"><failure message="assert 422 == 200&#10; +  where 422 = &lt;Response [422]&gt;.status_code">backend/tests/test_full_audit.py:512: in test_unsubscribe_push
    assert response.status_code == 200
E   assert 422 == 200
E    +  where 422 = &lt;Response [422]&gt;.status_code</failure></testcase><testcase classname="backend.tests.test_full_audit.TestAdminAPI" name="test_admin_stats" time="0.305" /><testcase classname="backend.tests.test_full_audit.TestAdminAPI" name="test_admin_orders_list" time="0.307" /><testcase classname="backend.tests.test_full_audit.TestAdminAPI" name="test_admin_users_list" time="0.299" /><testcase classname="backend.tests.test_full_audit.TestAdminAPI" name="test_admin_appointments_list" time="0.305" /><testcase classname="backend.tests.test_full_audit.TestAdminAPI" name="test_admin_appointments_stats" time="0.301" /><testcase classname="backend.tests.test_full_audit.TestAdminAPI" name="test_admin_push_stats" time="0.324" /><testcase classname="backend.tests.test_full_audit.TestAdminAPI" name="test_admin_requires_auth" time="0.038" /><testcase classname="backend.tests.test_full_audit.TestAdminAPI" name="test_admin_requires_admin_role" time="0.301" /><testcase classname="backend.tests.test_full_audit.TestStockNotifications" name="test_subscribe_stock_notification" time="0.086" /><testcase classname="backend.tests.test_full_audit.TestPriceAlerts" name="test_subscribe_price_alert" time="0.080" /><testcase classname="backend.tests.test_full_audit.TestDeliveryZones" name="test_get_delivery_zones" time="0.036"><failure message="assert 404 == 200&#10; +  where 404 = &lt;Response [404]&gt;.status_code">backend/tests/test_full_audit.py:667: in test_get_delivery_zones
    assert response.status_code == 200
E   assert 404 == 200
E    +  where 404 = &lt;Response [404]&gt;.status_code</failure></testcase><testcase classname="backend.tests.test_full_audit.TestDeliveryZones" name="test_shipping_cost_dakar_centre" time="0.038"><failure message="assert 404 == 200&#10; +  where 404 = &lt;Response [404]&gt;.status_code">backend/tests/test_full_audit.py:675: in test_shipping_cost_dakar_centre
    assert response.status_code == 200
E   assert 404 == 200
E    +  where 404 = &lt;Response [404]&gt;.status_code</failure></testcase><testcase classname="backend.tests.test_full_audit.TestDeliveryZones" name="test_shipping_cost_banlieue" time="0.038"><failure message="assert 404 == 200&#10; +  where 404 = &lt;Response [404]&gt;.status_code">backend/tests/test_full_audit.py:683: in test_shipping_cost_banlieue
    assert response.status_code == 200
E   assert 404 == 200
E    +  where 404 = &lt;Response [404]&gt;.status_code</failure></testcase><testcase classname="backend.tests.test_full_audit.TestPerformance" name="test_products_response_time" time="0.036" /><testcase classname="backend.tests.test_full_audit.TestPerformance" name="test_health_response_time" time="0.106" /></testsuite></testsuites>