<?xml version="1.0" encoding="utf-8"?><testsuites name="pytest tests"><testsuite name="pytest" errors="0" failures="0" skipped="0" tests="7" time="1.727" timestamp="2026-02-15T16:54:36.494240+00:00" hostname="agent-env-b1066c6c-3d87-4605-9a82-5fb3ff0e4688"><testcase classname="backend.tests.test_image_upload_and_seo.TestImageUploadAbsoluteUrls" name="test_image_upload_returns_absolute_url" time="0.712" /><testcase classname="backend.tests.test_image_upload_and_seo.TestImageUploadAbsoluteUrls" name="test_uploaded_image_is_accessible" time="0.239" /><testcase classname="backend.tests.test_image_upload_and_seo.TestImageUploadAbsoluteUrls" name="test_products_with_uploaded_images_show_absolute_urls" time="0.117" /><testcase classname="backend.tests.test_image_upload_and_seo.TestSEOFeatures" name="test_sitemap_xml_accessible" time="0.157" /><testcase classname="backend.tests.test_image_upload_and_seo.TestSEOFeatures" name="test_sitemap_contains_main_pages" time="0.117" /><testcase classname="backend.tests.test_image_upload_and_seo.TestFooterSocialLinks" name="test_api_health_check" time="0.207" /><testcase classname="backend.tests.test_image_upload_and_seo.TestFooterSocialLinks" name="test_products_api_returns_data" time="0.119" /></testsuite></testsuites>