<?xml version="1.0" encoding="utf-8"?><testsuites name="pytest tests"><testsuite name="pytest" errors="0" failures="0" skipped="0" tests="12" time="5.577" timestamp="2026-02-18T23:52:48.350688+00:00" hostname="agent-env-f744ede4-a8e5-4e34-85ab-326e05239d1c"><testcase classname="backend.tests.test_image_upload_session.TestAuthSession" name="test_login_returns_token" time="0.425" /><testcase classname="backend.tests.test_image_upload_session.TestAuthSession" name="test_auth_me_with_valid_token" time="0.536" /><testcase classname="backend.tests.test_image_upload_session.TestAuthSession" name="test_auth_me_without_token_returns_401" time="0.134" /><testcase classname="backend.tests.test_image_upload_session.TestAuthSession" name="test_auth_me_with_invalid_token_returns_401" time="0.128" /><testcase classname="backend.tests.test_image_upload_session.TestAuthSession" name="test_token_can_be_reused_for_multiple_requests" time="0.783" /><testcase classname="backend.tests.test_image_upload_session.TestImageUpload" name="test_upload_image_returns_relative_url" time="0.532" /><testcase classname="backend.tests.test_image_upload_session.TestImageUpload" name="test_uploaded_image_is_accessible" time="0.579" /><testcase classname="backend.tests.test_image_upload_session.TestImageUpload" name="test_upload_requires_admin_auth" time="0.168" /><testcase classname="backend.tests.test_image_upload_session.TestImageUpload" name="test_upload_rejects_non_image_files" time="0.458" /><testcase classname="backend.tests.test_image_upload_session.TestExistingProductImages" name="test_products_have_images" time="0.154" /><testcase classname="backend.tests.test_image_upload_session.TestAdminProductsPage" name="test_admin_can_access_products_list" time="0.482" /><testcase classname="backend.tests.test_image_upload_session.TestAdminProductsPage" name="test_admin_can_create_product_with_uploaded_image" time="1.117" /></testsuite></testsuites>