<?xml version="1.0" encoding="utf-8"?><testsuites name="pytest tests"><testsuite name="pytest" errors="0" failures="0" skipped="0" tests="26" time="6.215" timestamp="2026-02-15T17:58:21.061003+00:00" hostname="agent-env-b1066c6c-3d87-4605-9a82-5fb3ff0e4688"><testcase classname="tests.test_migration_final.TestProductsAPI" name="test_get_products_list" time="0.148" /><testcase classname="tests.test_migration_final.TestProductsAPI" name="test_get_products_by_category_electronique" time="0.117" /><testcase classname="tests.test_migration_final.TestProductsAPI" name="test_get_products_by_category_electromenager" time="0.119" /><testcase classname="tests.test_migration_final.TestProductsAPI" name="test_get_products_by_category_decoration" time="0.118" /><testcase classname="tests.test_migration_final.TestProductsAPI" name="test_get_products_by_category_beaute" time="0.134" /><testcase classname="tests.test_migration_final.TestProductsAPI" name="test_get_products_by_category_automobile" time="0.116" /><testcase classname="tests.test_migration_final.TestProductsAPI" name="test_get_featured_products" time="0.122" /><testcase classname="tests.test_migration_final.TestProductsAPI" name="test_get_new_products" time="0.105" /><testcase classname="tests.test_migration_final.TestProductsAPI" name="test_get_promo_products" time="0.108" /><testcase classname="tests.test_migration_final.TestAuthAPI" name="test_admin_login_success" time="0.389" /><testcase classname="tests.test_migration_final.TestAuthAPI" name="test_login_invalid_credentials" time="0.113" /><testcase classname="tests.test_migration_final.TestAuthAPI" name="test_auth_me_with_token" time="0.543" /><testcase classname="tests.test_migration_final.TestAuthAPI" name="test_auth_me_without_token" time="0.180" /><testcase classname="tests.test_migration_final.TestAdminAccess" name="test_admin_products_access" time="0.499" /><testcase classname="tests.test_migration_final.TestAdminAccess" name="test_admin_orders_access" time="0.537" /><testcase classname="tests.test_migration_final.TestAdminAccess" name="test_admin_stats_access" time="0.514" /><testcase classname="tests.test_migration_final.TestCommercialManagement" name="test_commercial_partners_access" time="0.443" /><testcase classname="tests.test_migration_final.TestCommercialManagement" name="test_commercial_contracts_access" time="0.502" /><testcase classname="tests.test_migration_final.TestCommercialManagement" name="test_commercial_invoices_access" time="0.462" /><testcase classname="tests.test_migration_final.TestCoreEndpoints" name="test_flash_sales" time="0.116" /><testcase classname="tests.test_migration_final.TestCoreEndpoints" name="test_reviews_stats" time="0.119" /><testcase classname="tests.test_migration_final.TestCoreEndpoints" name="test_cart_anonymous" time="0.117" /><testcase classname="tests.test_migration_final.TestCoreEndpoints" name="test_seed_endpoint" time="0.135" /><testcase classname="tests.test_migration_final.TestCoreEndpoints" name="test_game_config" time="0.137" /><testcase classname="tests.test_migration_final.TestHealthCheck" name="test_api_reachable" time="0.117" /><testcase classname="tests.test_migration_final.TestHealthCheck" name="test_product_search" time="0.123" /></testsuite></testsuites>