<?xml version="1.0" encoding="utf-8"?><testsuites name="pytest tests"><testsuite name="pytest" errors="0" failures="0" skipped="0" tests="15" time="1.178" timestamp="2026-02-05T18:51:52.594087+00:00" hostname="agent-env-8fbf1586-fe45-424e-939b-09710d9d2a62"><testcase classname="backend.tests.test_push_notifications.TestPushNotifications" name="test_get_vapid_public_key_returns_200" time="0.082" /><testcase classname="backend.tests.test_push_notifications.TestPushNotifications" name="test_get_vapid_public_key_returns_key" time="0.042" /><testcase classname="backend.tests.test_push_notifications.TestPushNotifications" name="test_vapid_public_key_matches_expected" time="0.041" /><testcase classname="backend.tests.test_push_notifications.TestPushNotifications" name="test_subscribe_push_returns_200" time="0.039" /><testcase classname="backend.tests.test_push_notifications.TestPushNotifications" name="test_subscribe_push_returns_success_message" time="0.041" /><testcase classname="backend.tests.test_push_notifications.TestPushNotifications" name="test_subscribe_push_validates_endpoint" time="0.039" /><testcase classname="backend.tests.test_push_notifications.TestPushNotifications" name="test_subscribe_push_validates_keys" time="0.038" /><testcase classname="backend.tests.test_push_notifications.TestPushNotifications" name="test_unsubscribe_push_returns_200" time="0.054" /><testcase classname="backend.tests.test_push_notifications.TestPushNotifications" name="test_unsubscribe_push_returns_success_message" time="0.040" /><testcase classname="backend.tests.test_push_notifications.TestPushNotifications" name="test_admin_push_stats_requires_auth" time="0.041" /><testcase classname="backend.tests.test_push_notifications.TestPushNotifications" name="test_admin_push_stats_returns_200_with_auth" time="0.276" /><testcase classname="backend.tests.test_push_notifications.TestPushNotifications" name="test_admin_push_stats_returns_counts" time="0.271" /><testcase classname="backend.tests.test_push_notifications.TestServiceWorker" name="test_sw_js_accessible" time="0.035" /><testcase classname="backend.tests.test_push_notifications.TestServiceWorker" name="test_sw_js_contains_push_handler" time="0.041" /><testcase classname="backend.tests.test_push_notifications.TestEmailConfiguration" name="test_contact_email_in_store_info" time="0.043" /></testsuite></testsuites>