<?xml version="1.0" encoding="utf-8"?><testsuites name="pytest tests"><testsuite name="pytest" errors="0" failures="0" skipped="0" tests="16" time="0.847" timestamp="2026-02-02T19:49:43.854763+00:00" hostname="agent-env-edbab3a0-9073-438a-885a-57c976e94c72"><testcase classname="tests.test_phase1_features.TestOrderTracking" name="test_track_order_missing_params" time="0.063" /><testcase classname="tests.test_phase1_features.TestOrderTracking" name="test_track_order_not_found" time="0.043" /><testcase classname="tests.test_phase1_features.TestOrderTracking" name="test_track_order_invalid_email" time="0.039" /><testcase classname="tests.test_phase1_features.TestProductsWithFilters" name="test_get_products_basic" time="0.038" /><testcase classname="tests.test_phase1_features.TestProductsWithFilters" name="test_get_products_by_category" time="0.037" /><testcase classname="tests.test_phase1_features.TestProductsWithFilters" name="test_products_have_filter_fields" time="0.042" /><testcase classname="tests.test_phase1_features.TestProductsWithFilters" name="test_products_have_stock_field" time="0.042" /><testcase classname="tests.test_phase1_features.TestProductReviews" name="test_get_product_reviews" time="0.083" /><testcase classname="tests.test_phase1_features.TestProductReviews" name="test_reviews_distribution_structure" time="0.084" /><testcase classname="tests.test_phase1_features.TestLegalPages" name="test_cgv_page_accessible" time="0.039" /><testcase classname="tests.test_phase1_features.TestLegalPages" name="test_confidentialite_page_accessible" time="0.038" /><testcase classname="tests.test_phase1_features.TestLegalPages" name="test_retours_page_accessible" time="0.040" /><testcase classname="tests.test_phase1_features.TestLegalPages" name="test_livraison_page_accessible" time="0.040" /><testcase classname="tests.test_phase1_features.TestLegalPages" name="test_suivi_commande_page_accessible" time="0.041" /><testcase classname="tests.test_phase1_features.TestHealthAndBasics" name="test_api_health" time="0.072" /><testcase classname="tests.test_phase1_features.TestHealthAndBasics" name="test_flash_sales_endpoint" time="0.040" /></testsuite></testsuites>