<?xml version="1.0" encoding="utf-8"?><testsuites name="pytest tests"><testsuite name="pytest" errors="0" failures="0" skipped="0" tests="19" time="2.493" timestamp="2026-02-06T22:20:06.128864+00:00" hostname="agent-env-bf8b2616-6533-4b6b-bac4-1c91ade38791"><testcase classname="tests.test_services_marketplace.TestServiceCategories" name="test_get_categories_returns_10_categories" time="0.074" /><testcase classname="tests.test_services_marketplace.TestServiceCategories" name="test_categories_include_expected_types" time="0.039" /><testcase classname="tests.test_services_marketplace.TestServiceLocations" name="test_get_locations_returns_cities_and_zones" time="0.039" /><testcase classname="tests.test_services_marketplace.TestServiceProviders" name="test_get_providers_list" time="0.036" /><testcase classname="tests.test_services_marketplace.TestServiceProviders" name="test_get_provider_by_id" time="0.036" /><testcase classname="tests.test_services_marketplace.TestServiceProviders" name="test_provider_response_excludes_password" time="0.078" /><testcase classname="tests.test_services_marketplace.TestServiceProviders" name="test_providers_list_excludes_passwords" time="0.038" /><testcase classname="tests.test_services_marketplace.TestServiceProviders" name="test_filter_providers_by_category" time="0.037" /><testcase classname="tests.test_services_marketplace.TestServiceProviders" name="test_filter_providers_by_city" time="0.039" /><testcase classname="tests.test_services_marketplace.TestServiceRequests" name="test_create_service_request" time="0.093" /><testcase classname="tests.test_services_marketplace.TestServiceRequests" name="test_get_service_request_by_id" time="0.075" /><testcase classname="tests.test_services_marketplace.TestProviderRegistration" name="test_register_provider_with_valid_code" time="0.259" /><testcase classname="tests.test_services_marketplace.TestProviderRegistration" name="test_register_provider_with_invalid_code" time="0.037" /><testcase classname="tests.test_services_marketplace.TestAdminServiceProviders" name="test_admin_get_providers" time="0.300" /><testcase classname="tests.test_services_marketplace.TestAdminServiceProviders" name="test_admin_providers_exclude_passwords" time="0.296" /><testcase classname="tests.test_services_marketplace.TestAdminServiceProviders" name="test_admin_update_provider_status" time="0.299" /><testcase classname="tests.test_services_marketplace.TestAdminServiceProviders" name="test_admin_requires_auth" time="0.034" /><testcase classname="tests.test_services_marketplace.TestAdminServiceRequests" name="test_admin_get_service_requests" time="0.309" /><testcase classname="tests.test_services_marketplace.TestAdminServiceRequests" name="test_admin_update_service_request" time="0.294" /></testsuite></testsuites>