<?xml version="1.0" encoding="utf-8"?><testsuites name="pytest tests"><testsuite name="pytest" errors="0" failures="0" skipped="0" tests="12" time="3.629" timestamp="2026-02-15T17:08:05.640513+00:00" hostname="agent-env-b1066c6c-3d87-4605-9a82-5fb3ff0e4688"><testcase classname="backend.tests.test_signature_gallery.TestSignatureAPIs" name="test_get_contract_signatures_endpoint" time="0.753" /><testcase classname="backend.tests.test_signature_gallery.TestSignatureAPIs" name="test_add_signature_to_contract" time="0.113" /><testcase classname="backend.tests.test_signature_gallery.TestSignatureAPIs" name="test_verify_signature_persisted" time="0.123" /><testcase classname="backend.tests.test_signature_gallery.TestSignatureAPIs" name="test_delete_signature" time="0.256" /><testcase classname="backend.tests.test_signature_gallery.TestSignatureAPIs" name="test_contracts_list_endpoint" time="0.125" /><testcase classname="backend.tests.test_signature_gallery.TestProviderGalleryAPIs" name="test_provider_me_endpoint" time="0.506" /><testcase classname="backend.tests.test_signature_gallery.TestProviderGalleryAPIs" name="test_get_provider_gallery" time="0.305" /><testcase classname="backend.tests.test_signature_gallery.TestProviderGalleryAPIs" name="test_add_photo_to_gallery" time="0.115" /><testcase classname="backend.tests.test_signature_gallery.TestProviderGalleryAPIs" name="test_verify_photo_persisted" time="0.133" /><testcase classname="backend.tests.test_signature_gallery.TestProviderGalleryAPIs" name="test_delete_gallery_photo" time="0.348" /><testcase classname="backend.tests.test_signature_gallery.TestProviderAuth" name="test_provider_login" time="0.350" /><testcase classname="backend.tests.test_signature_gallery.TestProviderAuth" name="test_provider_me_with_user_id_claim" time="0.435" /></testsuite></testsuites>