<?xml version="1.0" encoding="utf-8"?><testsuites name="pytest tests"><testsuite name="pytest" errors="0" failures="0" skipped="0" tests="7" time="0.700" timestamp="2026-02-07T18:10:36.137150+00:00" hostname="agent-env-b6a42d78-5d81-4260-b2df-26a4ba0b603e"><testcase classname="backend.tests.test_verification_documents.TestVerificationDocumentsAPI" name="test_upload_verification_document_success" time="0.368" /><testcase classname="backend.tests.test_verification_documents.TestVerificationDocumentsAPI" name="test_get_verification_documents" time="0.047" /><testcase classname="backend.tests.test_verification_documents.TestVerificationDocumentsAPI" name="test_upload_verification_document_no_auth" time="0.048" /><testcase classname="backend.tests.test_verification_documents.TestVerificationDocumentsAPI" name="test_upload_verification_document_invalid_provider" time="0.045" /><testcase classname="backend.tests.test_verification_documents.TestCommercialDocumentsAPIs" name="test_quotes_list" time="0.044" /><testcase classname="backend.tests.test_verification_documents.TestCommercialDocumentsAPIs" name="test_invoices_list" time="0.043" /><testcase classname="backend.tests.test_verification_documents.TestCommercialDocumentsAPIs" name="test_contracts_list" time="0.048" /></testsuite></testsuites>